#
# There is insufficient memory for the Java Runtime Environment to continue.
# Native memory allocation (malloc) failed to allocate 1493456 bytes for Chunk::new
# Possible reasons:
#   The system is out of physical RAM or swap space
#   The process is running with CompressedOops enabled, and the Java Heap may be blocking the growth of the native heap
# Possible solutions:
#   Reduce memory load on the system
#   Increase physical memory or swap space
#   Check if swap backing store is full
#   Decrease Java heap size (-Xmx/-Xms)
#   Decrease number of Java threads
#   Decrease Java thread stack sizes (-Xss)
#   Set larger code cache with -XX:ReservedCodeCacheSize=
#   JVM is running with Unscaled Compressed Oops mode in which the Java heap is
#     placed in the first 4GB address space. The Java Heap base address is the
#     maximum limit for the native heap growth. Please use -XX:HeapBaseMinAddress
#     to set the Java Heap base and to place the Java Heap above 4GB virtual address.
# This output file may be truncated or incomplete.
#
#  Out of Memory Error (arena.cpp:184), pid=35220, tid=33536
#
# JRE version: Java(TM) SE Runtime Environment (18.0.1.1+2) (build 18.0.1.1+2-6)
# Java VM: Java HotSpot(TM) 64-Bit Server VM (18.0.1.1+2-6, mixed mode, sharing, tiered, compressed oops, compressed class ptrs, g1 gc, windows-amd64)
# No core dump will be written. Minidumps are not enabled by default on client versions of Windows
#

---------------  S U M M A R Y ------------

Command Line: -Dmaven.multiModuleProjectDirectory=C:\Users\lucy2\Desktop\Spring-Practice\spring-restcontroller -Dmaven.home=C:\Users\lucy2\.m2\wrapper\dists\apache-maven-3.8.6-bin\1ks0nkde5v1pk9vtc31i9d0lcd\apache-maven-3.8.6 -Dclassworlds.conf=C:\Users\lucy2\.m2\wrapper\dists\apache-maven-3.8.6-bin\1ks0nkde5v1pk9vtc31i9d0lcd\apache-maven-3.8.6\bin\m2.conf -Dmaven.ext.class.path=C:\Program Files\JetBrains\IntelliJ IDEA Community Edition 2022.2\plugins\maven\lib\maven-event-listener.jar -javaagent:C:\Program Files\JetBrains\IntelliJ IDEA Community Edition 2022.2\lib\idea_rt.jar=62493:C:\Program Files\JetBrains\IntelliJ IDEA Community Edition 2022.2\bin -Dfile.encoding=UTF-8 org.codehaus.classworlds.Launcher -Didea.version=2022.2 clean install -DskipTests

Host: Intel(R) Core(TM) i7-7500U CPU @ 2.70GHz, 4 cores, 7G,  Windows 10 , 64 bit Build 19041 (10.0.19041.1889)
Time: Fri Aug 12 10:18:14 2022  Windows 10 , 64 bit Build 19041 (10.0.19041.1889) elapsed time: 4.223323 seconds (0d 0h 0m 4s)

---------------  T H R E A D  ---------------

Current thread (0x0000016b727313c0):  JavaThread "C2 CompilerThread0" daemon [_thread_in_native, id=33536, stack(0x0000006612900000,0x0000006612a00000)]


Current CompileTask:
C2:   4223 3452   !   4       org.codehaus.plexus.interpolation.StringSearchInterpolator::interpolate (668 bytes)

Stack: [0x0000006612900000,0x0000006612a00000]
Native frames: (J=compiled Java code, j=interpreted, Vv=VM code, C=native code)
V  [jvm.dll+0x69887a]
V  [jvm.dll+0x7f38bd]
V  [jvm.dll+0x7f51ce]
V  [jvm.dll+0x7f5883]
V  [jvm.dll+0x25ca3f]
V  [jvm.dll+0xb8c2f]
V  [jvm.dll+0xb8fa5]
V  [jvm.dll+0x385a31]
V  [jvm.dll+0x34f811]
V  [jvm.dll+0x34ecaa]
V  [jvm.dll+0x22fc21]
V  [jvm.dll+0x22eff1]
V  [jvm.dll+0x1b9cfc]
V  [jvm.dll+0x23e8ca]
V  [jvm.dll+0x23cbb5]
V  [jvm.dll+0x7a5fb1]
V  [jvm.dll+0x7a03ea]
V  [jvm.dll+0x697725]
C  [ucrtbase.dll+0x21bb2]
C  [KERNEL32.DLL+0x17034]
C  [ntdll.dll+0x52651]


---------------  P R O C E S S  ---------------

Threads class SMR info:
_java_thread_list=0x0000016b7692b680, length=13, elements={
0x0000016b54e946c0, 0x0000016b727001f0, 0x0000016b72705230, 0x0000016b72722aa0,
0x0000016b72722f60, 0x0000016b72725fa0, 0x0000016b7272e4e0, 0x0000016b727313c0,
0x0000016b727318c0, 0x0000016b7273b930, 0x0000016b768b0f20, 0x0000016b769c5bf0,
0x0000016b769b6650
}

Java Threads: ( => current thread )
  0x0000016b54e946c0 JavaThread "main" [_thread_in_native, id=35188, stack(0x0000006611c00000,0x0000006611d00000)]
  0x0000016b727001f0 JavaThread "Reference Handler" daemon [_thread_blocked, id=35612, stack(0x0000006612300000,0x0000006612400000)]
  0x0000016b72705230 JavaThread "Finalizer" daemon [_thread_blocked, id=35184, stack(0x0000006612400000,0x0000006612500000)]
  0x0000016b72722aa0 JavaThread "Signal Dispatcher" daemon [_thread_blocked, id=34344, stack(0x0000006612500000,0x0000006612600000)]
  0x0000016b72722f60 JavaThread "Attach Listener" daemon [_thread_blocked, id=7772, stack(0x0000006612600000,0x0000006612700000)]
  0x0000016b72725fa0 JavaThread "Service Thread" daemon [_thread_blocked, id=24740, stack(0x0000006612700000,0x0000006612800000)]
  0x0000016b7272e4e0 JavaThread "Monitor Deflation Thread" daemon [_thread_blocked, id=34428, stack(0x0000006612800000,0x0000006612900000)]
=>0x0000016b727313c0 JavaThread "C2 CompilerThread0" daemon [_thread_in_native, id=33536, stack(0x0000006612900000,0x0000006612a00000)]
  0x0000016b727318c0 JavaThread "C1 CompilerThread0" daemon [_thread_blocked, id=32404, stack(0x0000006612a00000,0x0000006612b00000)]
  0x0000016b7273b930 JavaThread "Sweeper thread" daemon [_thread_blocked, id=33692, stack(0x0000006612b00000,0x0000006612c00000)]
  0x0000016b768b0f20 JavaThread "Common-Cleaner" daemon [_thread_blocked, id=35288, stack(0x0000006612c00000,0x0000006612d00000)]
  0x0000016b769c5bf0 JavaThread "Monitor Ctrl-Break" daemon [_thread_in_native, id=35716, stack(0x0000006612d00000,0x0000006612e00000)]
  0x0000016b769b6650 JavaThread "Notification Thread" daemon [_thread_blocked, id=24376, stack(0x0000006612e00000,0x0000006612f00000)]

Other Threads:
  0x0000016b54f0ef20 VMThread "VM Thread" [stack: 0x0000006612200000,0x0000006612300000] [id=35100]
  0x0000016b769b7ba0 WatcherThread "VM Periodic Task Thread" [stack: 0x0000006612f00000,0x0000006613000000] [id=35160]
  0x0000016b54ef3a10 WorkerThread "GC Thread#0" [stack: 0x0000006611d00000,0x0000006611e00000] [id=24604]
  0x0000016b77308290 WorkerThread "GC Thread#1" [stack: 0x0000006613000000,0x0000006613100000] [id=696]
  0x0000016b77308530 WorkerThread "GC Thread#2" [stack: 0x0000006613100000,0x0000006613200000] [id=34952]
  0x0000016b76d797a0 WorkerThread "GC Thread#3" [stack: 0x0000006613200000,0x0000006613300000] [id=34948]
  0x0000016b54f04350 ConcurrentGCThread "G1 Main Marker" [stack: 0x0000006611e00000,0x0000006611f00000] [id=35636]
  0x0000016b54f056c0 WorkerThread "G1 Conc#0" [stack: 0x0000006611f00000,0x0000006612000000] [id=32288]
  0x0000016b54f2e700 ConcurrentGCThread "G1 Refine#0" [stack: 0x0000006612000000,0x0000006612100000] [id=35244]
  0x0000016b773087d0 ConcurrentGCThread "G1 Refine#1" [stack: 0x0000006613300000,0x0000006613400000] [id=35040]
  0x0000016b54f2e9d0 ConcurrentGCThread "G1 Service" [stack: 0x0000006612100000,0x0000006612200000] [id=35196]

Threads with active compile tasks:
C2 CompilerThread0     4421 3452   !   4       org.codehaus.plexus.interpolation.StringSearchInterpolator::interpolate (668 bytes)

VM state: not at safepoint (normal execution)

VM Mutex/Monitor currently owned by a thread: None

Heap address: 0x0000000082000000, size: 2016 MB, Compressed Oops mode: 32-bit

CDS archive(s) mapped at: [0x0000000800000000-0x0000000800ba0000-0x0000000800ba0000), size 12189696, SharedBaseAddress: 0x0000000800000000, ArchiveRelocationMode: 0.
Compressed class space mapped at: 0x0000000800c00000-0x0000000840c00000, reserved size: 1073741824
Narrow klass base: 0x0000000800000000, Narrow klass shift: 0, Narrow klass range: 0x100000000

GC Precious Log:
 CardTable entry size: 512
 Card Set container configuration: InlinePtr #cards 5 size 8 Array Of Cards #cards 12 size 40 Howl #buckets 4 coarsen threshold 1843 Howl Bitmap #cards 512 size 80 coarsen threshold 460 Card regions per heap region 1 cards per card region 2048
 CPUs: 4 total, 4 available
 Memory: 8060M
 Large Page Support: Disabled
 NUMA Support: Disabled
 Compressed Oops: Enabled (32-bit)
 Heap Region Size: 1M
 Heap Min Capacity: 8M
 Heap Initial Capacity: 126M
 Heap Max Capacity: 2016M
 Pre-touch: Disabled
 Parallel Workers: 4
 Concurrent Workers: 1
 Concurrent Refinement Workers: 4
 Periodic GC: Disabled

Heap:
 garbage-first heap   total 129024K, used 30953K [0x0000000082000000, 0x0000000100000000)
  region size 1024K, 28 young (28672K), 8 survivors (8192K)
 Metaspace       used 14078K, committed 14400K, reserved 1114112K
  class space    used 1555K, committed 1728K, reserved 1048576K

Heap Regions: E=young(eden), S=young(survivor), O=old, HS=humongous(starts), HC=humongous(continues), CS=collection set, F=free, OA=open archive, CA=closed archive, TAMS=top-at-mark-start (previous, next)
|   0|0x0000000082000000, 0x0000000082100000, 0x0000000082100000|100%| O|  |TAMS 0x0000000082000000, 0x0000000082000000| Untracked 
|   1|0x0000000082100000, 0x0000000082200000, 0x0000000082200000|100%| O|  |TAMS 0x0000000082100000, 0x0000000082100000| Untracked 
|   2|0x0000000082200000, 0x0000000082300000, 0x0000000082300000|100%| O|  |TAMS 0x0000000082200000, 0x0000000082200000| Untracked 
|   3|0x0000000082300000, 0x0000000082393800, 0x0000000082400000| 57%| O|  |TAMS 0x0000000082300000, 0x0000000082300000| Untracked 
|   4|0x0000000082400000, 0x0000000082400000, 0x0000000082500000|  0%| F|  |TAMS 0x0000000082400000, 0x0000000082400000| Untracked 
|   5|0x0000000082500000, 0x0000000082500000, 0x0000000082600000|  0%| F|  |TAMS 0x0000000082500000, 0x0000000082500000| Untracked 
|   6|0x0000000082600000, 0x0000000082600000, 0x0000000082700000|  0%| F|  |TAMS 0x0000000082600000, 0x0000000082600000| Untracked 
|   7|0x0000000082700000, 0x0000000082700000, 0x0000000082800000|  0%| F|  |TAMS 0x0000000082700000, 0x0000000082700000| Untracked 
|   8|0x0000000082800000, 0x0000000082800000, 0x0000000082900000|  0%| F|  |TAMS 0x0000000082800000, 0x0000000082800000| Untracked 
|   9|0x0000000082900000, 0x0000000082900000, 0x0000000082a00000|  0%| F|  |TAMS 0x0000000082900000, 0x0000000082900000| Untracked 
|  10|0x0000000082a00000, 0x0000000082a00000, 0x0000000082b00000|  0%| F|  |TAMS 0x0000000082a00000, 0x0000000082a00000| Untracked 
|  11|0x0000000082b00000, 0x0000000082b00000, 0x0000000082c00000|  0%| F|  |TAMS 0x0000000082b00000, 0x0000000082b00000| Untracked 
|  12|0x0000000082c00000, 0x0000000082c00000, 0x0000000082d00000|  0%| F|  |TAMS 0x0000000082c00000, 0x0000000082c00000| Untracked 
|  13|0x0000000082d00000, 0x0000000082d00000, 0x0000000082e00000|  0%| F|  |TAMS 0x0000000082d00000, 0x0000000082d00000| Untracked 
|  14|0x0000000082e00000, 0x0000000082e00000, 0x0000000082f00000|  0%| F|  |TAMS 0x0000000082e00000, 0x0000000082e00000| Untracked 
|  15|0x0000000082f00000, 0x0000000082f00000, 0x0000000083000000|  0%| F|  |TAMS 0x0000000082f00000, 0x0000000082f00000| Untracked 
|  16|0x0000000083000000, 0x0000000083000000, 0x0000000083100000|  0%| F|  |TAMS 0x0000000083000000, 0x0000000083000000| Untracked 
|  17|0x0000000083100000, 0x0000000083100000, 0x0000000083200000|  0%| F|  |TAMS 0x0000000083100000, 0x0000000083100000| Untracked 
|  18|0x0000000083200000, 0x0000000083200000, 0x0000000083300000|  0%| F|  |TAMS 0x0000000083200000, 0x0000000083200000| Untracked 
|  19|0x0000000083300000, 0x0000000083300000, 0x0000000083400000|  0%| F|  |TAMS 0x0000000083300000, 0x0000000083300000| Untracked 
|  20|0x0000000083400000, 0x0000000083400000, 0x0000000083500000|  0%| F|  |TAMS 0x0000000083400000, 0x0000000083400000| Untracked 
|  21|0x0000000083500000, 0x0000000083500000, 0x0000000083600000|  0%| F|  |TAMS 0x0000000083500000, 0x0000000083500000| Untracked 
|  22|0x0000000083600000, 0x0000000083600000, 0x0000000083700000|  0%| F|  |TAMS 0x0000000083600000, 0x0000000083600000| Untracked 
|  23|0x0000000083700000, 0x0000000083700000, 0x0000000083800000|  0%| F|  |TAMS 0x0000000083700000, 0x0000000083700000| Untracked 
|  24|0x0000000083800000, 0x0000000083800000, 0x0000000083900000|  0%| F|  |TAMS 0x0000000083800000, 0x0000000083800000| Untracked 
|  25|0x0000000083900000, 0x0000000083900000, 0x0000000083a00000|  0%| F|  |TAMS 0x0000000083900000, 0x0000000083900000| Untracked 
|  26|0x0000000083a00000, 0x0000000083a00000, 0x0000000083b00000|  0%| F|  |TAMS 0x0000000083a00000, 0x0000000083a00000| Untracked 
|  27|0x0000000083b00000, 0x0000000083b00000, 0x0000000083c00000|  0%| F|  |TAMS 0x0000000083b00000, 0x0000000083b00000| Untracked 
|  28|0x0000000083c00000, 0x0000000083c00000, 0x0000000083d00000|  0%| F|  |TAMS 0x0000000083c00000, 0x0000000083c00000| Untracked 
|  29|0x0000000083d00000, 0x0000000083d00000, 0x0000000083e00000|  0%| F|  |TAMS 0x0000000083d00000, 0x0000000083d00000| Untracked 
|  30|0x0000000083e00000, 0x0000000083e00000, 0x0000000083f00000|  0%| F|  |TAMS 0x0000000083e00000, 0x0000000083e00000| Untracked 
|  31|0x0000000083f00000, 0x0000000083f00000, 0x0000000084000000|  0%| F|  |TAMS 0x0000000083f00000, 0x0000000083f00000| Untracked 
|  32|0x0000000084000000, 0x0000000084000000, 0x0000000084100000|  0%| F|  |TAMS 0x0000000084000000, 0x0000000084000000| Untracked 
|  33|0x0000000084100000, 0x0000000084100000, 0x0000000084200000|  0%| F|  |TAMS 0x0000000084100000, 0x0000000084100000| Untracked 
|  34|0x0000000084200000, 0x0000000084200000, 0x0000000084300000|  0%| F|  |TAMS 0x0000000084200000, 0x0000000084200000| Untracked 
|  35|0x0000000084300000, 0x0000000084300000, 0x0000000084400000|  0%| F|  |TAMS 0x0000000084300000, 0x0000000084300000| Untracked 
|  36|0x0000000084400000, 0x0000000084400000, 0x0000000084500000|  0%| F|  |TAMS 0x0000000084400000, 0x0000000084400000| Untracked 
|  37|0x0000000084500000, 0x0000000084500000, 0x0000000084600000|  0%| F|  |TAMS 0x0000000084500000, 0x0000000084500000| Untracked 
|  38|0x0000000084600000, 0x0000000084600000, 0x0000000084700000|  0%| F|  |TAMS 0x0000000084600000, 0x0000000084600000| Untracked 
|  39|0x0000000084700000, 0x0000000084700000, 0x0000000084800000|  0%| F|  |TAMS 0x0000000084700000, 0x0000000084700000| Untracked 
|  40|0x0000000084800000, 0x0000000084800000, 0x0000000084900000|  0%| F|  |TAMS 0x0000000084800000, 0x0000000084800000| Untracked 
|  41|0x0000000084900000, 0x0000000084900000, 0x0000000084a00000|  0%| F|  |TAMS 0x0000000084900000, 0x0000000084900000| Untracked 
|  42|0x0000000084a00000, 0x0000000084a00000, 0x0000000084b00000|  0%| F|  |TAMS 0x0000000084a00000, 0x0000000084a00000| Untracked 
|  43|0x0000000084b00000, 0x0000000084ba6e80, 0x0000000084c00000| 65%| S|CS|TAMS 0x0000000084b00000, 0x0000000084b00000| Complete 
|  44|0x0000000084c00000, 0x0000000084d00000, 0x0000000084d00000|100%| S|CS|TAMS 0x0000000084c00000, 0x0000000084c00000| Complete 
|  45|0x0000000084d00000, 0x0000000084e00000, 0x0000000084e00000|100%| S|CS|TAMS 0x0000000084d00000, 0x0000000084d00000| Complete 
|  46|0x0000000084e00000, 0x0000000084f00000, 0x0000000084f00000|100%| S|CS|TAMS 0x0000000084e00000, 0x0000000084e00000| Complete 
|  47|0x0000000084f00000, 0x0000000085000000, 0x0000000085000000|100%| S|CS|TAMS 0x0000000084f00000, 0x0000000084f00000| Complete 
|  48|0x0000000085000000, 0x0000000085100000, 0x0000000085100000|100%| S|CS|TAMS 0x0000000085000000, 0x0000000085000000| Complete 
|  49|0x0000000085100000, 0x0000000085200000, 0x0000000085200000|100%| S|CS|TAMS 0x0000000085100000, 0x0000000085100000| Complete 
|  50|0x0000000085200000, 0x0000000085300000, 0x0000000085300000|100%| S|CS|TAMS 0x0000000085200000, 0x0000000085200000| Complete 
|  51|0x0000000085300000, 0x0000000085300000, 0x0000000085400000|  0%| F|  |TAMS 0x0000000085300000, 0x0000000085300000| Untracked 
|  52|0x0000000085400000, 0x0000000085400000, 0x0000000085500000|  0%| F|  |TAMS 0x0000000085400000, 0x0000000085400000| Untracked 
|  53|0x0000000085500000, 0x0000000085500000, 0x0000000085600000|  0%| F|  |TAMS 0x0000000085500000, 0x0000000085500000| Untracked 
|  54|0x0000000085600000, 0x0000000085600000, 0x0000000085700000|  0%| F|  |TAMS 0x0000000085600000, 0x0000000085600000| Untracked 
|  55|0x0000000085700000, 0x0000000085700000, 0x0000000085800000|  0%| F|  |TAMS 0x0000000085700000, 0x0000000085700000| Untracked 
|  56|0x0000000085800000, 0x0000000085800000, 0x0000000085900000|  0%| F|  |TAMS 0x0000000085800000, 0x0000000085800000| Untracked 
|  57|0x0000000085900000, 0x0000000085900000, 0x0000000085a00000|  0%| F|  |TAMS 0x0000000085900000, 0x0000000085900000| Untracked 
|  58|0x0000000085a00000, 0x0000000085a00000, 0x0000000085b00000|  0%| F|  |TAMS 0x0000000085a00000, 0x0000000085a00000| Untracked 
|  59|0x0000000085b00000, 0x0000000085b00000, 0x0000000085c00000|  0%| F|  |TAMS 0x0000000085b00000, 0x0000000085b00000| Untracked 
|  60|0x0000000085c00000, 0x0000000085c00000, 0x0000000085d00000|  0%| F|  |TAMS 0x0000000085c00000, 0x0000000085c00000| Untracked 
|  61|0x0000000085d00000, 0x0000000085d00000, 0x0000000085e00000|  0%| F|  |TAMS 0x0000000085d00000, 0x0000000085d00000| Untracked 
|  62|0x0000000085e00000, 0x0000000085e00000, 0x0000000085f00000|  0%| F|  |TAMS 0x0000000085e00000, 0x0000000085e00000| Untracked 
|  63|0x0000000085f00000, 0x0000000085f00000, 0x0000000086000000|  0%| F|  |TAMS 0x0000000085f00000, 0x0000000085f00000| Untracked 
|  64|0x0000000086000000, 0x0000000086000000, 0x0000000086100000|  0%| F|  |TAMS 0x0000000086000000, 0x0000000086000000| Untracked 
|  65|0x0000000086100000, 0x0000000086100000, 0x0000000086200000|  0%| F|  |TAMS 0x0000000086100000, 0x0000000086100000| Untracked 
|  66|0x0000000086200000, 0x0000000086200000, 0x0000000086300000|  0%| F|  |TAMS 0x0000000086200000, 0x0000000086200000| Untracked 
|  67|0x0000000086300000, 0x0000000086300000, 0x0000000086400000|  0%| F|  |TAMS 0x0000000086300000, 0x0000000086300000| Untracked 
|  68|0x0000000086400000, 0x0000000086400000, 0x0000000086500000|  0%| F|  |TAMS 0x0000000086400000, 0x0000000086400000| Untracked 
|  69|0x0000000086500000, 0x0000000086500000, 0x0000000086600000|  0%| F|  |TAMS 0x0000000086500000, 0x0000000086500000| Untracked 
|  70|0x0000000086600000, 0x0000000086600000, 0x0000000086700000|  0%| F|  |TAMS 0x0000000086600000, 0x0000000086600000| Untracked 
|  71|0x0000000086700000, 0x0000000086700000, 0x0000000086800000|  0%| F|  |TAMS 0x0000000086700000, 0x0000000086700000| Untracked 
|  72|0x0000000086800000, 0x0000000086800000, 0x0000000086900000|  0%| F|  |TAMS 0x0000000086800000, 0x0000000086800000| Untracked 
|  73|0x0000000086900000, 0x0000000086900000, 0x0000000086a00000|  0%| F|  |TAMS 0x0000000086900000, 0x0000000086900000| Untracked 
|  74|0x0000000086a00000, 0x0000000086a00000, 0x0000000086b00000|  0%| F|  |TAMS 0x0000000086a00000, 0x0000000086a00000| Untracked 
|  75|0x0000000086b00000, 0x0000000086b00000, 0x0000000086c00000|  0%| F|  |TAMS 0x0000000086b00000, 0x0000000086b00000| Untracked 
|  76|0x0000000086c00000, 0x0000000086c00000, 0x0000000086d00000|  0%| F|  |TAMS 0x0000000086c00000, 0x0000000086c00000| Untracked 
|  77|0x0000000086d00000, 0x0000000086d00000, 0x0000000086e00000|  0%| F|  |TAMS 0x0000000086d00000, 0x0000000086d00000| Untracked 
|  78|0x0000000086e00000, 0x0000000086e00000, 0x0000000086f00000|  0%| F|  |TAMS 0x0000000086e00000, 0x0000000086e00000| Untracked 
|  79|0x0000000086f00000, 0x0000000086f00000, 0x0000000087000000|  0%| F|  |TAMS 0x0000000086f00000, 0x0000000086f00000| Untracked 
|  80|0x0000000087000000, 0x0000000087000000, 0x0000000087100000|  0%| F|  |TAMS 0x0000000087000000, 0x0000000087000000| Untracked 
|  81|0x0000000087100000, 0x0000000087100000, 0x0000000087200000|  0%| F|  |TAMS 0x0000000087100000, 0x0000000087100000| Untracked 
|  82|0x0000000087200000, 0x0000000087200000, 0x0000000087300000|  0%| F|  |TAMS 0x0000000087200000, 0x0000000087200000| Untracked 
|  83|0x0000000087300000, 0x0000000087300000, 0x0000000087400000|  0%| F|  |TAMS 0x0000000087300000, 0x0000000087300000| Untracked 
|  84|0x0000000087400000, 0x0000000087400000, 0x0000000087500000|  0%| F|  |TAMS 0x0000000087400000, 0x0000000087400000| Untracked 
|  85|0x0000000087500000, 0x0000000087500000, 0x0000000087600000|  0%| F|  |TAMS 0x0000000087500000, 0x0000000087500000| Untracked 
|  86|0x0000000087600000, 0x0000000087600000, 0x0000000087700000|  0%| F|  |TAMS 0x0000000087600000, 0x0000000087600000| Untracked 
|  87|0x0000000087700000, 0x0000000087700000, 0x0000000087800000|  0%| F|  |TAMS 0x0000000087700000, 0x0000000087700000| Untracked 
|  88|0x0000000087800000, 0x0000000087800000, 0x0000000087900000|  0%| F|  |TAMS 0x0000000087800000, 0x0000000087800000| Untracked 
|  89|0x0000000087900000, 0x0000000087900000, 0x0000000087a00000|  0%| F|  |TAMS 0x0000000087900000, 0x0000000087900000| Untracked 
|  90|0x0000000087a00000, 0x0000000087a00000, 0x0000000087b00000|  0%| F|  |TAMS 0x0000000087a00000, 0x0000000087a00000| Untracked 
|  91|0x0000000087b00000, 0x0000000087b00000, 0x0000000087c00000|  0%| F|  |TAMS 0x0000000087b00000, 0x0000000087b00000| Untracked 
|  92|0x0000000087c00000, 0x0000000087c00000, 0x0000000087d00000|  0%| F|  |TAMS 0x0000000087c00000, 0x0000000087c00000| Untracked 
|  93|0x0000000087d00000, 0x0000000087d00000, 0x0000000087e00000|  0%| F|  |TAMS 0x0000000087d00000, 0x0000000087d00000| Untracked 
|  94|0x0000000087e00000, 0x0000000087e00000, 0x0000000087f00000|  0%| F|  |TAMS 0x0000000087e00000, 0x0000000087e00000| Untracked 
|  95|0x0000000087f00000, 0x0000000087f00000, 0x0000000088000000|  0%| F|  |TAMS 0x0000000087f00000, 0x0000000087f00000| Untracked 
|  96|0x0000000088000000, 0x0000000088000000, 0x0000000088100000|  0%| F|  |TAMS 0x0000000088000000, 0x0000000088000000| Untracked 
|  97|0x0000000088100000, 0x0000000088100000, 0x0000000088200000|  0%| F|  |TAMS 0x0000000088100000, 0x0000000088100000| Untracked 
|  98|0x0000000088200000, 0x0000000088200000, 0x0000000088300000|  0%| F|  |TAMS 0x0000000088200000, 0x0000000088200000| Untracked 
|  99|0x0000000088300000, 0x0000000088300000, 0x0000000088400000|  0%| F|  |TAMS 0x0000000088300000, 0x0000000088300000| Untracked 
| 100|0x0000000088400000, 0x0000000088400000, 0x0000000088500000|  0%| F|  |TAMS 0x0000000088400000, 0x0000000088400000| Untracked 
| 101|0x0000000088500000, 0x0000000088500000, 0x0000000088600000|  0%| F|  |TAMS 0x0000000088500000, 0x0000000088500000| Untracked 
| 102|0x0000000088600000, 0x0000000088600000, 0x0000000088700000|  0%| F|  |TAMS 0x0000000088600000, 0x0000000088600000| Untracked 
| 103|0x0000000088700000, 0x0000000088700000, 0x0000000088800000|  0%| F|  |TAMS 0x0000000088700000, 0x0000000088700000| Untracked 
| 104|0x0000000088800000, 0x0000000088800000, 0x0000000088900000|  0%| F|  |TAMS 0x0000000088800000, 0x0000000088800000| Untracked 
| 105|0x0000000088900000, 0x0000000088900000, 0x0000000088a00000|  0%| F|  |TAMS 0x0000000088900000, 0x0000000088900000| Untracked 
| 106|0x0000000088a00000, 0x0000000088a80800, 0x0000000088b00000| 50%| E|  |TAMS 0x0000000088a00000, 0x0000000088a00000| Complete 
| 107|0x0000000088b00000, 0x0000000088c00000, 0x0000000088c00000|100%| E|CS|TAMS 0x0000000088b00000, 0x0000000088b00000| Complete 
| 108|0x0000000088c00000, 0x0000000088d00000, 0x0000000088d00000|100%| E|CS|TAMS 0x0000000088c00000, 0x0000000088c00000| Complete 
| 109|0x0000000088d00000, 0x0000000088e00000, 0x0000000088e00000|100%| E|CS|TAMS 0x0000000088d00000, 0x0000000088d00000| Complete 
| 110|0x0000000088e00000, 0x0000000088f00000, 0x0000000088f00000|100%| E|CS|TAMS 0x0000000088e00000, 0x0000000088e00000| Complete 
| 111|0x0000000088f00000, 0x0000000089000000, 0x0000000089000000|100%| E|CS|TAMS 0x0000000088f00000, 0x0000000088f00000| Complete 
| 112|0x0000000089000000, 0x0000000089100000, 0x0000000089100000|100%| E|CS|TAMS 0x0000000089000000, 0x0000000089000000| Complete 
| 113|0x0000000089100000, 0x0000000089200000, 0x0000000089200000|100%| E|CS|TAMS 0x0000000089100000, 0x0000000089100000| Complete 
| 114|0x0000000089200000, 0x0000000089300000, 0x0000000089300000|100%| E|CS|TAMS 0x0000000089200000, 0x0000000089200000| Complete 
| 115|0x0000000089300000, 0x0000000089400000, 0x0000000089400000|100%| E|CS|TAMS 0x0000000089300000, 0x0000000089300000| Complete 
| 116|0x0000000089400000, 0x0000000089500000, 0x0000000089500000|100%| E|CS|TAMS 0x0000000089400000, 0x0000000089400000| Complete 
| 117|0x0000000089500000, 0x0000000089600000, 0x0000000089600000|100%| E|CS|TAMS 0x0000000089500000, 0x0000000089500000| Complete 
| 118|0x0000000089600000, 0x0000000089700000, 0x0000000089700000|100%| E|CS|TAMS 0x0000000089600000, 0x0000000089600000| Complete 
| 119|0x0000000089700000, 0x0000000089800000, 0x0000000089800000|100%| E|CS|TAMS 0x0000000089700000, 0x0000000089700000| Complete 
| 120|0x0000000089800000, 0x0000000089900000, 0x0000000089900000|100%| E|CS|TAMS 0x0000000089800000, 0x0000000089800000| Complete 
| 121|0x0000000089900000, 0x0000000089a00000, 0x0000000089a00000|100%| E|CS|TAMS 0x0000000089900000, 0x0000000089900000| Complete 
| 122|0x0000000089a00000, 0x0000000089b00000, 0x0000000089b00000|100%| E|CS|TAMS 0x0000000089a00000, 0x0000000089a00000| Complete 
| 123|0x0000000089b00000, 0x0000000089c00000, 0x0000000089c00000|100%| E|CS|TAMS 0x0000000089b00000, 0x0000000089b00000| Complete 
| 124|0x0000000089c00000, 0x0000000089d00000, 0x0000000089d00000|100%| E|CS|TAMS 0x0000000089c00000, 0x0000000089c00000| Complete 
| 125|0x0000000089d00000, 0x0000000089e00000, 0x0000000089e00000|100%| E|CS|TAMS 0x0000000089d00000, 0x0000000089d00000| Complete 

Card table byte_map: [0x0000016b6bb90000,0x0000016b6bf80000] _byte_map_base: 0x0000016b6b780000

Marking Bits (Prev, Next): (CMBitMap*) 0x0000016b54ef3e20, (CMBitMap*) 0x0000016b54ef3e60
 Prev Bits: [0x0000016b6c370000, 0x0000016b6e2f0000)
 Next Bits: [0x0000016b6e2f0000, 0x0000016b70270000)

Polling page: 0x0000016b54630000

Metaspace:

Usage:
  Non-class:     12.23 MB used.
      Class:      1.52 MB used.
       Both:     13.75 MB used.

Virtual space:
  Non-class space:       64.00 MB reserved,      12.38 MB ( 19%) committed,  1 nodes.
      Class space:        1.00 GB reserved,       1.69 MB ( <1%) committed,  1 nodes.
             Both:        1.06 GB reserved,      14.06 MB (  1%) committed. 

Chunk freelists:
   Non-Class:  2.94 MB
       Class:  2.14 MB
        Both:  5.08 MB

MaxMetaspaceSize: unlimited
CompressedClassSpaceSize: 1.00 GB
Initial GC threshold: 21.00 MB
Current GC threshold: 21.00 MB
CDS: on
MetaspaceReclaimPolicy: balanced
 - commit_granule_bytes: 65536.
 - commit_granule_words: 8192.
 - virtual_space_node_default_size: 8388608.
 - enlarge_chunks_in_place: 1.
 - new_chunks_are_fully_committed: 0.
 - uncommit_free_chunks: 1.
 - use_allocation_guard: 0.


Internal statistics:

num_allocs_failed_limit: 0.
num_arena_births: 260.
num_arena_deaths: 0.
num_vsnodes_births: 2.
num_vsnodes_deaths: 0.
num_space_committed: 225.
num_space_uncommitted: 0.
num_chunks_returned_to_freelist: 0.
num_chunks_taken_from_freelist: 728.
num_chunk_merges: 0.
num_chunk_splits: 514.
num_chunks_enlarged: 386.
num_inconsistent_stats: 0.

CodeHeap 'non-profiled nmethods': size=120000Kb used=1447Kb max_used=1447Kb free=118552Kb
 bounds [0x0000016b64270000, 0x0000016b644e0000, 0x0000016b6b7a0000]
CodeHeap 'profiled nmethods': size=120000Kb used=7185Kb max_used=7185Kb free=112814Kb
 bounds [0x0000016b5cd40000, 0x0000016b5d450000, 0x0000016b64270000]
CodeHeap 'non-nmethods': size=5760Kb used=1188Kb max_used=1230Kb free=4572Kb
 bounds [0x0000016b5c7a0000, 0x0000016b5ca10000, 0x0000016b5cd40000]
 total_blobs=4081 nmethods=3610 adapters=383
 compilation: enabled
              stopped_count=0, restarted_count=0
 full_count=0

Compilation events (20 events):
Event: 4.202 Thread 0x0000016b727318c0 3548       3       org.eclipse.aether.util.ConfigUtils::getBoolean (12 bytes)
Event: 4.202 Thread 0x0000016b727318c0 nmethod 3548 0x0000016b5d410510 code [0x0000016b5d4106c0, 0x0000016b5d410848]
Event: 4.202 Thread 0x0000016b727318c0 3549       1       org.eclipse.aether.internal.impl.collect.DefaultDependencyCollectionContext::getDependency (5 bytes)
Event: 4.202 Thread 0x0000016b727318c0 nmethod 3549 0x0000016b643d7b10 code [0x0000016b643d7ca0, 0x0000016b643d7d78]
Event: 4.202 Thread 0x0000016b727318c0 3550       3       org.eclipse.aether.resolution.VersionRequest::<init> (36 bytes)
Event: 4.202 Thread 0x0000016b727318c0 nmethod 3550 0x0000016b5d410990 code [0x0000016b5d410b80, 0x0000016b5d4111d8]
Event: 4.202 Thread 0x0000016b727318c0 3551       3       org.eclipse.aether.resolution.VersionRequest::setArtifact (7 bytes)
Event: 4.203 Thread 0x0000016b727318c0 nmethod 3551 0x0000016b5d411390 code [0x0000016b5d411520, 0x0000016b5d411678]
Event: 4.203 Thread 0x0000016b727318c0 3552       3       org.eclipse.aether.resolution.VersionRequest::setRepositories (21 bytes)
Event: 4.203 Thread 0x0000016b727318c0 nmethod 3552 0x0000016b5d411710 code [0x0000016b5d4118c0, 0x0000016b5d411b38]
Event: 4.203 Thread 0x0000016b727318c0 3553       3       org.eclipse.aether.resolution.VersionRequest::setRequestContext (16 bytes)
Event: 4.203 Thread 0x0000016b727318c0 nmethod 3553 0x0000016b5d411c10 code [0x0000016b5d411da0, 0x0000016b5d411f58]
Event: 4.203 Thread 0x0000016b727318c0 3554       3       org.eclipse.aether.resolution.VersionRequest::setTrace (7 bytes)
Event: 4.203 Thread 0x0000016b727318c0 nmethod 3554 0x0000016b5d412010 code [0x0000016b5d4121a0, 0x0000016b5d4122f8]
Event: 4.215 Thread 0x0000016b727318c0 3555       3       java.util.RegularEnumSet::contains (57 bytes)
Event: 4.216 Thread 0x0000016b727318c0 nmethod 3555 0x0000016b5d412390 code [0x0000016b5d412560, 0x0000016b5d412988]
Event: 4.216 Thread 0x0000016b727318c0 3556       3       org.apache.maven.model.Reporting::getPlugins (23 bytes)
Event: 4.216 Thread 0x0000016b727318c0 nmethod 3556 0x0000016b5d412a90 code [0x0000016b5d412c60, 0x0000016b5d413058]
Event: 4.217 Thread 0x0000016b727318c0 3557       1       org.eclipse.aether.util.version.GenericVersionConstraint::getVersion (5 bytes)
Event: 4.217 Thread 0x0000016b727318c0 nmethod 3557 0x0000016b643d7e10 code [0x0000016b643d7fa0, 0x0000016b643d8078]

GC Heap History (6 events):
Event: 1.367 GC heap before
{Heap before GC invocations=0 (full 0):
 garbage-first heap   total 129024K, used 13312K [0x0000000082000000, 0x0000000100000000)
  region size 1024K, 13 young (13312K), 0 survivors (0K)
 Metaspace       used 3751K, committed 3968K, reserved 1114112K
  class space    used 386K, committed 512K, reserved 1048576K
}
Event: 1.372 GC heap after
{Heap after GC invocations=1 (full 0):
 garbage-first heap   total 129024K, used 3467K [0x0000000082000000, 0x0000000100000000)
  region size 1024K, 2 young (2048K), 2 survivors (2048K)
 Metaspace       used 3751K, committed 3968K, reserved 1114112K
  class space    used 386K, committed 512K, reserved 1048576K
}
Event: 1.650 GC heap before
{Heap before GC invocations=1 (full 0):
 garbage-first heap   total 129024K, used 17803K [0x0000000082000000, 0x0000000100000000)
  region size 1024K, 16 young (16384K), 2 survivors (2048K)
 Metaspace       used 5659K, committed 5760K, reserved 1114112K
  class space    used 646K, committed 704K, reserved 1048576K
}
Event: 1.654 GC heap after
{Heap after GC invocations=2 (full 0):
 garbage-first heap   total 129024K, used 4287K [0x0000000082000000, 0x0000000100000000)
  region size 1024K, 1 young (1024K), 1 survivors (1024K)
 Metaspace       used 5659K, committed 5760K, reserved 1114112K
  class space    used 646K, committed 704K, reserved 1048576K
}
Event: 3.709 GC heap before
{Heap before GC invocations=2 (full 0):
 garbage-first heap   total 129024K, used 80063K [0x0000000082000000, 0x0000000100000000)
  region size 1024K, 75 young (76800K), 1 survivors (1024K)
 Metaspace       used 13351K, committed 13568K, reserved 1114112K
  class space    used 1487K, committed 1600K, reserved 1048576K
}
Event: 3.722 GC heap after
{Heap after GC invocations=3 (full 0):
 garbage-first heap   total 129024K, used 11497K [0x0000000082000000, 0x0000000100000000)
  region size 1024K, 8 young (8192K), 8 survivors (8192K)
 Metaspace       used 13351K, committed 13568K, reserved 1114112K
  class space    used 1487K, committed 1600K, reserved 1048576K
}

Deoptimization events (20 events):
Event: 4.091 Thread 0x0000016b54e946c0 Uncommon trap: trap_request=0xffffff45 fr.pc=0x0000016b642f66d8 relative=0x0000000000000238
Event: 4.091 Thread 0x0000016b54e946c0 Uncommon trap: reason=unstable_if action=reinterpret pc=0x0000016b642f66d8 method=java.util.HashMap.hash(Ljava/lang/Object;)I @ 1 c2
Event: 4.091 Thread 0x0000016b54e946c0 DEOPT PACKING pc=0x0000016b642f66d8 sp=0x0000006611cfdef0
Event: 4.091 Thread 0x0000016b54e946c0 DEOPT UNPACKING pc=0x0000016b5c7f23a3 sp=0x0000006611cfdd88 mode 2
Event: 4.091 Thread 0x0000016b54e946c0 Uncommon trap: trap_request=0xffffff45 fr.pc=0x0000016b642e3454 relative=0x0000000000000234
Event: 4.091 Thread 0x0000016b54e946c0 Uncommon trap: reason=unstable_if action=reinterpret pc=0x0000016b642e3454 method=java.util.HashMap.hash(Ljava/lang/Object;)I @ 1 c2
Event: 4.091 Thread 0x0000016b54e946c0 DEOPT PACKING pc=0x0000016b642e3454 sp=0x0000006611cfde80
Event: 4.091 Thread 0x0000016b54e946c0 DEOPT UNPACKING pc=0x0000016b5c7f23a3 sp=0x0000006611cfdd88 mode 2
Event: 4.091 Thread 0x0000016b54e946c0 Uncommon trap: trap_request=0xffffff45 fr.pc=0x0000016b642f3a18 relative=0x0000000000000098
Event: 4.091 Thread 0x0000016b54e946c0 Uncommon trap: reason=unstable_if action=reinterpret pc=0x0000016b642f3a18 method=java.util.HashMap.hash(Ljava/lang/Object;)I @ 1 c2
Event: 4.091 Thread 0x0000016b54e946c0 DEOPT PACKING pc=0x0000016b642f3a18 sp=0x0000006611cfddf0
Event: 4.091 Thread 0x0000016b54e946c0 DEOPT UNPACKING pc=0x0000016b5c7f23a3 sp=0x0000006611cfdd88 mode 2
Event: 4.113 Thread 0x0000016b54e946c0 DEOPT PACKING pc=0x0000016b5d23e503 sp=0x0000006611cfd610
Event: 4.113 Thread 0x0000016b54e946c0 DEOPT UNPACKING pc=0x0000016b5c7f2b43 sp=0x0000006611cfca80 mode 0
Event: 4.143 Thread 0x0000016b54e946c0 DEOPT PACKING pc=0x0000016b5cdf46db sp=0x0000006611cfdd00
Event: 4.143 Thread 0x0000016b54e946c0 DEOPT UNPACKING pc=0x0000016b5c7f2b43 sp=0x0000006611cfd1e0 mode 0
Event: 4.147 Thread 0x0000016b54e946c0 DEOPT PACKING pc=0x0000016b5d23e503 sp=0x0000006611cfd560
Event: 4.147 Thread 0x0000016b54e946c0 DEOPT UNPACKING pc=0x0000016b5c7f2b43 sp=0x0000006611cfc9d0 mode 0
Event: 4.181 Thread 0x0000016b54e946c0 DEOPT PACKING pc=0x0000016b5d23e503 sp=0x0000006611cfd560
Event: 4.181 Thread 0x0000016b54e946c0 DEOPT UNPACKING pc=0x0000016b5c7f2b43 sp=0x0000006611cfc9d0 mode 0

Classes loaded (20 events):
Event: 2.624 Loading class java/lang/Byte$ByteCache
Event: 2.624 Loading class java/lang/Byte$ByteCache done
Event: 2.633 Loading class sun/invoke/util/ValueConversions$1
Event: 2.634 Loading class sun/invoke/util/ValueConversions$1 done
Event: 2.634 Loading class java/lang/invoke/BoundMethodHandle$Species_LI
Event: 2.634 Loading class java/lang/invoke/BoundMethodHandle$Species_LI done
Event: 3.024 Loading class java/util/LinkedList$ListItr
Event: 3.024 Loading class java/util/LinkedList$ListItr done
Event: 3.030 Loading class java/util/concurrent/locks/ReentrantReadWriteLock$NonfairSync
Event: 3.030 Loading class java/util/concurrent/locks/ReentrantReadWriteLock$Sync
Event: 3.030 Loading class java/util/concurrent/locks/ReentrantReadWriteLock$Sync done
Event: 3.030 Loading class java/util/concurrent/locks/ReentrantReadWriteLock$NonfairSync done
Event: 3.031 Loading class java/util/concurrent/locks/ReentrantReadWriteLock$Sync$ThreadLocalHoldCounter
Event: 3.031 Loading class java/util/concurrent/locks/ReentrantReadWriteLock$Sync$ThreadLocalHoldCounter done
Event: 3.031 Loading class java/util/concurrent/locks/ReentrantReadWriteLock$ReadLock
Event: 3.031 Loading class java/util/concurrent/locks/ReentrantReadWriteLock$ReadLock done
Event: 3.031 Loading class java/util/concurrent/locks/ReentrantReadWriteLock$WriteLock
Event: 3.031 Loading class java/util/concurrent/locks/ReentrantReadWriteLock$WriteLock done
Event: 3.774 Loading class sun/nio/cs/ISO_8859_1$Decoder
Event: 3.775 Loading class sun/nio/cs/ISO_8859_1$Decoder done

Classes unloaded (0 events):
No events

Classes redefined (0 events):
No events

Internal exceptions (20 events):
Event: 2.234 Thread 0x0000016b54e946c0 Exception <a 'java/lang/NoSuchMethodError'{0x00000000884a52a8}: 'void java.lang.invoke.Invokers$Holder.invokeExact_MT(java.lang.Object, java.lang.Object, java.lang.Object, java.lang.Object)'> (0x00000000884a52a8) 
thrown [s\open\src\hotspot\share\interpreter\linkResolver.cpp, line 766]
Event: 2.253 Thread 0x0000016b54e946c0 Exception <a 'java/lang/NoClassDefFoundError'{0x00000000883354f0}: com/google/inject/servlet/ServletModuleTargetVisitor> (0x00000000883354f0) 
thrown [s\open\src\hotspot\share\classfile\systemDictionary.cpp, line 244]
Event: 2.286 Thread 0x0000016b54e946c0 Exception <a 'java/lang/NoSuchMethodError'{0x000000008821c448}: 'java.lang.Object java.lang.invoke.DirectMethodHandle$Holder.invokeStatic(java.lang.Object, java.lang.Object, int)'> (0x000000008821c448) 
thrown [s\open\src\hotspot\share\interpreter\linkResolver.cpp, line 766]
Event: 2.287 Thread 0x0000016b54e946c0 Exception <a 'java/lang/NoSuchMethodError'{0x0000000088228858}: 'void java.lang.invoke.DelegatingMethodHandle$Holder.delegate(java.lang.Object, java.lang.Object, int, java.lang.Object)'> (0x0000000088228858) 
thrown [s\open\src\hotspot\share\interpreter\linkResolver.cpp, line 766]
Event: 2.288 Thread 0x0000016b54e946c0 Exception <a 'java/lang/NoSuchMethodError'{0x000000008822d110}: 'int java.lang.invoke.DirectMethodHandle$Holder.invokeSpecial(java.lang.Object, java.lang.Object, java.lang.Object)'> (0x000000008822d110) 
thrown [s\open\src\hotspot\share\interpreter\linkResolver.cpp, line 766]
Event: 2.319 Thread 0x0000016b54e946c0 Exception <a 'java/lang/NoSuchMethodError'{0x00000000881706d8}: 'java.lang.Object java.lang.invoke.DirectMethodHandle$Holder.newInvokeSpecial(java.lang.Object, java.lang.Object, java.lang.Object, java.lang.Object, java.lang.Object, java.lang.Object, java.lang.Object)'> (0x00000000881706d8) 
thrown [s\open\src\hotspot\share\interpreter\linkResolver.cpp, line 766]
Event: 2.327 Thread 0x0000016b54e946c0 Exception <a 'java/lang/NoSuchMethodError'{0x00000000881af068}: 'java.lang.Object java.lang.invoke.DirectMethodHandle$Holder.newInvokeSpecial(java.lang.Object, java.lang.Object, java.lang.Object, java.lang.Object, java.lang.Object, java.lang.Object, java.lang.Object, java.lang.Object, java.lang.Object)'> (0x00000000881af068) 
thrown [s\open\src\hotspot\share\interpreter\linkResolver.cpp, line 766]
Event: 2.328 Thread 0x0000016b54e946c0 Exception <a 'java/lang/NoSuchMethodError'{0x00000000881b5378}: 'java.lang.Object java.lang.invoke.DirectMethodHandle$Holder.invokeSpecial(java.lang.Object, java.lang.Object, java.lang.Object, java.lang.Object, java.lang.Object, java.lang.Object, java.lang.Object, java.lang.Object, java.lang.Object, java.lang.Object)'> (0x00000000881b5378) 
thrown [s\open\src\hotspot\share\interpreter\linkResolver.cpp, line 766]
Event: 2.349 Thread 0x0000016b54e946c0 Exception <a 'java/lang/NoSuchMethodError'{0x0000000088066bf0}: 'java.lang.Object java.lang.invoke.DirectMethodHandle$Holder.newInvokeSpecial(java.lang.Object, java.lang.Object, java.lang.Object, java.lang.Object, java.lang.Object, java.lang.Object, java.lang.Object, java.lang.Object, java.lang.Object, java.lang.Object, java.lang.Object, java.lang.Object)'> (0x0000000088066bf0) 
thrown [s\open\src\hotspot\share\interpreter\linkResolver.cpp, line 766]
Event: 2.350 Thread 0x0000016b54e946c0 Exception <a 'java/lang/NoSuchMethodError'{0x000000008806cd20}: 'java.lang.Object java.lang.invoke.DirectMethodHandle$Holder.invokeSpecial(java.lang.Object, java.lang.Object, java.lang.Object, java.lang.Object, java.lang.Object, java.lang.Object, java.lang.Object, java.lang.Object, java.lang.Object, java.lang.Object, java.lang.Object, java.lang.Object, java.lang.Object)'> (0x000000008806cd20) 
thrown [s\open\src\hotspot\share\interpreter\linkResolver.cpp, line 766]
Event: 2.379 Thread 0x0000016b54e946c0 Exception <a 'java/lang/NoSuchMethodError'{0x0000000087f21058}: 'java.lang.Object java.lang.invoke.DirectMethodHandle$Holder.invokeStaticInit(java.lang.Object, int, int, int, int)'> (0x0000000087f21058) 
thrown [s\open\src\hotspot\share\interpreter\linkResolver.cpp, line 766]
Event: 2.513 Thread 0x0000016b54e946c0 Implicit null exception at 0x0000016b64317dd2 to 0x0000016b64318304
Event: 2.514 Thread 0x0000016b54e946c0 Implicit null exception at 0x0000016b642b3ad2 to 0x0000016b642b3ffc
Event: 2.633 Thread 0x0000016b54e946c0 Exception <a 'java/lang/NoSuchMethodError'{0x0000000087706b18}: 'void java.lang.invoke.DirectMethodHandle$Holder.invokeVirtual(java.lang.Object, java.lang.Object, int)'> (0x0000000087706b18) 
thrown [s\open\src\hotspot\share\interpreter\linkResolver.cpp, line 766]
Event: 2.634 Thread 0x0000016b54e946c0 Exception <a 'java/lang/NoSuchMethodError'{0x000000008770afb8}: 'int java.lang.invoke.DirectMethodHandle$Holder.invokeSpecial(java.lang.Object, java.lang.Object, java.lang.Object, int)'> (0x000000008770afb8) 
thrown [s\open\src\hotspot\share\interpreter\linkResolver.cpp, line 766]
Event: 2.636 Thread 0x0000016b54e946c0 Exception <a 'java/lang/NoSuchMethodError'{0x000000008771d958}: 'java.lang.Object java.lang.invoke.DirectMethodHandle$Holder.invokeStatic(java.lang.Object, java.lang.Object, java.lang.Object, java.lang.Object, int)'> (0x000000008771d958) 
thrown [s\open\src\hotspot\share\interpreter\linkResolver.cpp, line 766]
Event: 2.637 Thread 0x0000016b54e946c0 Exception <a 'java/lang/NoSuchMethodError'{0x0000000087729230}: 'void java.lang.invoke.DelegatingMethodHandle$Holder.reinvoke_L(java.lang.Object, java.lang.Object, int)'> (0x0000000087729230) 
thrown [s\open\src\hotspot\share\interpreter\linkResolver.cpp, line 766]
Event: 4.091 Thread 0x0000016b54e946c0 Implicit null exception at 0x0000016b642f64ef to 0x0000016b642f66bc
Event: 4.091 Thread 0x0000016b54e946c0 Implicit null exception at 0x0000016b642e326f to 0x0000016b642e3438
Event: 4.091 Thread 0x0000016b54e946c0 Implicit null exception at 0x0000016b642f398f to 0x0000016b642f3a09

VM Operations (20 events):
Event: 2.285 Executing VM operation: HandshakeAllThreads
Event: 2.285 Executing VM operation: HandshakeAllThreads done
Event: 2.364 Executing VM operation: HandshakeAllThreads
Event: 2.364 Executing VM operation: HandshakeAllThreads done
Event: 2.399 Executing VM operation: HandshakeAllThreads
Event: 2.399 Executing VM operation: HandshakeAllThreads done
Event: 2.444 Executing VM operation: HandshakeAllThreads
Event: 2.444 Executing VM operation: HandshakeAllThreads done
Event: 2.489 Executing VM operation: HandshakeAllThreads
Event: 2.489 Executing VM operation: HandshakeAllThreads done
Event: 2.581 Executing VM operation: ICBufferFull
Event: 2.581 Executing VM operation: ICBufferFull done
Event: 3.031 Executing VM operation: HandshakeAllThreads
Event: 3.031 Executing VM operation: HandshakeAllThreads done
Event: 3.031 Executing VM operation: HandshakeAllThreads
Event: 3.031 Executing VM operation: HandshakeAllThreads done
Event: 3.112 Executing VM operation: ICBufferFull
Event: 3.112 Executing VM operation: ICBufferFull done
Event: 3.709 Executing VM operation: G1CollectForAllocation
Event: 3.722 Executing VM operation: G1CollectForAllocation done

Events (20 events):
Event: 0.200 Thread 0x0000016b72705230 Thread added: 0x0000016b72705230
Event: 0.644 Thread 0x0000016b72722aa0 Thread added: 0x0000016b72722aa0
Event: 0.644 Thread 0x0000016b72722f60 Thread added: 0x0000016b72722f60
Event: 0.644 Thread 0x0000016b72725fa0 Thread added: 0x0000016b72725fa0
Event: 0.644 Thread 0x0000016b7272e4e0 Thread added: 0x0000016b7272e4e0
Event: 0.645 Thread 0x0000016b727313c0 Thread added: 0x0000016b727313c0
Event: 0.645 Thread 0x0000016b727318c0 Thread added: 0x0000016b727318c0
Event: 0.645 Thread 0x0000016b7273b930 Thread added: 0x0000016b7273b930
Event: 0.692 Thread 0x0000016b768b0f20 Thread added: 0x0000016b768b0f20
Event: 0.726 Loaded shared library C:\Program Files\Java\jdk-18.0.1.1\bin\zip.dll
Event: 0.732 Loaded shared library C:\Program Files\Java\jdk-18.0.1.1\bin\instrument.dll
Event: 0.799 Loaded shared library C:\Program Files\Java\jdk-18.0.1.1\bin\net.dll
Event: 0.822 Loaded shared library C:\Program Files\Java\jdk-18.0.1.1\bin\nio.dll
Event: 0.829 Loaded shared library C:\Program Files\Java\jdk-18.0.1.1\bin\zip.dll
Event: 0.857 Loaded shared library C:\Program Files\JetBrains\IntelliJ IDEA Community Edition 2022.2\bin\breakgen64.dll
Event: 0.858 Thread 0x0000016b769c5bf0 Thread added: 0x0000016b769c5bf0
Event: 0.858 Thread 0x0000016b769b6650 Thread added: 0x0000016b769b6650
Event: 0.998 Loaded shared library C:\Program Files\Java\jdk-18.0.1.1\bin\jimage.dll
Event: 1.032 Loaded shared library C:\Users\lucy2\AppData\Local\Temp\jansi-2.4.0-5cda3573c337f43e-jansi.dll
Event: 1.050 Loaded shared library C:\Program Files\Java\jdk-18.0.1.1\bin\verify.dll


Dynamic libraries:
0x00007ff79a5f0000 - 0x00007ff79a600000 	C:\Program Files\Java\jdk-18.0.1.1\bin\java.exe
0x00007ff9e96b0000 - 0x00007ff9e98a8000 	C:\WINDOWS\SYSTEM32\ntdll.dll
0x00007ff9e79d0000 - 0x00007ff9e7a8d000 	C:\WINDOWS\System32\KERNEL32.DLL
0x00007ff9e6dd0000 - 0x00007ff9e709e000 	C:\WINDOWS\System32\KERNELBASE.dll
0x0000000063cb0000 - 0x0000000063d62000 	C:\ProgramData\Symantec\Symantec Endpoint Protection\14.3.7388.4000.105\Data\Sysfer\x64\sysfer.dll
0x00007ff9e7140000 - 0x00007ff9e7240000 	C:\WINDOWS\System32\ucrtbase.dll
0x00007ff9cb560000 - 0x00007ff9cb57a000 	C:\Program Files\Java\jdk-18.0.1.1\bin\VCRUNTIME140.dll
0x00007ff9df3f0000 - 0x00007ff9df408000 	C:\Program Files\Java\jdk-18.0.1.1\bin\jli.dll
0x00007ff9e7a90000 - 0x00007ff9e7b3e000 	C:\WINDOWS\System32\ADVAPI32.dll
0x00007ff9e7720000 - 0x00007ff9e77be000 	C:\WINDOWS\System32\msvcrt.dll
0x00007ff9e8d70000 - 0x00007ff9e8e0c000 	C:\WINDOWS\System32\sechost.dll
0x00007ff9e7f60000 - 0x00007ff9e8085000 	C:\WINDOWS\System32\RPCRT4.dll
0x00007ff9e93a0000 - 0x00007ff9e9540000 	C:\WINDOWS\System32\USER32.dll
0x00007ff9e70a0000 - 0x00007ff9e70c2000 	C:\WINDOWS\System32\win32u.dll
0x00007ff9e9370000 - 0x00007ff9e939a000 	C:\WINDOWS\System32\GDI32.dll
0x00007ff9d5c50000 - 0x00007ff9d5eea000 	C:\WINDOWS\WinSxS\amd64_microsoft.windows.common-controls_6595b64144ccf1df_6.0.19041.1110_none_60b5254171f9507e\COMCTL32.dll
0x00007ff9e7600000 - 0x00007ff9e770b000 	C:\WINDOWS\System32\gdi32full.dll
0x00007ff9e7420000 - 0x00007ff9e74bd000 	C:\WINDOWS\System32\msvcp_win.dll
0x00007ff9d4690000 - 0x00007ff9d469a000 	C:\WINDOWS\SYSTEM32\VERSION.dll
0x00007ff9e7b40000 - 0x00007ff9e7b48000 	C:\WINDOWS\System32\psapi.dll
0x00007ff9e8e10000 - 0x00007ff9e8e40000 	C:\WINDOWS\System32\IMM32.DLL
0x00007ff9df3e0000 - 0x00007ff9df3ec000 	C:\Program Files\Java\jdk-18.0.1.1\bin\vcruntime140_1.dll
0x00007ff9b2570000 - 0x00007ff9b25fd000 	C:\Program Files\Java\jdk-18.0.1.1\bin\msvcp140.dll
0x00007ff9a0160000 - 0x00007ff9a0d70000 	C:\Program Files\Java\jdk-18.0.1.1\bin\server\jvm.dll
0x00007ff9cbfa0000 - 0x00007ff9cbfa9000 	C:\WINDOWS\SYSTEM32\WSOCK32.dll
0x00007ff9e7b70000 - 0x00007ff9e7bdb000 	C:\WINDOWS\System32\WS2_32.dll
0x00007ff9b2c10000 - 0x00007ff9b2c37000 	C:\WINDOWS\SYSTEM32\WINMM.dll
0x00007ff9e5660000 - 0x00007ff9e5672000 	C:\WINDOWS\SYSTEM32\kernel.appcore.dll
0x00007ff9dc3e0000 - 0x00007ff9dc3ea000 	C:\Program Files\Java\jdk-18.0.1.1\bin\jimage.dll
0x00007ff9e4a30000 - 0x00007ff9e4c14000 	C:\WINDOWS\SYSTEM32\DBGHELP.DLL
0x00007ff9c3f10000 - 0x00007ff9c3f3c000 	C:\WINDOWS\SYSTEM32\dbgcore.DLL
0x00007ff9e74c0000 - 0x00007ff9e7542000 	C:\WINDOWS\System32\bcryptPrimitives.dll
0x00007ff9e1ca0000 - 0x00007ff9e1cae000 	C:\Program Files\Java\jdk-18.0.1.1\bin\instrument.dll
0x00007ff9c7340000 - 0x00007ff9c7365000 	C:\Program Files\Java\jdk-18.0.1.1\bin\java.dll
0x00007ff9abe60000 - 0x00007ff9abf36000 	C:\Program Files\Java\jdk-18.0.1.1\bin\jsvml.dll
0x00007ff9e8090000 - 0x00007ff9e87d4000 	C:\WINDOWS\System32\SHELL32.dll
0x00007ff9e4eb0000 - 0x00007ff9e5644000 	C:\WINDOWS\SYSTEM32\windows.storage.dll
0x00007ff9e8930000 - 0x00007ff9e8c84000 	C:\WINDOWS\System32\combase.dll
0x00007ff9e6760000 - 0x00007ff9e6790000 	C:\WINDOWS\SYSTEM32\Wldp.dll
0x00007ff9e7c40000 - 0x00007ff9e7ced000 	C:\WINDOWS\System32\SHCORE.dll
0x00007ff9e92b0000 - 0x00007ff9e9305000 	C:\WINDOWS\System32\shlwapi.dll
0x00007ff9e6d10000 - 0x00007ff9e6d2f000 	C:\WINDOWS\SYSTEM32\profapi.dll
0x00007ff9c6fb0000 - 0x00007ff9c6fc8000 	C:\Program Files\Java\jdk-18.0.1.1\bin\zip.dll
0x00007ff9cb4e0000 - 0x00007ff9cb4f3000 	C:\Program Files\Java\jdk-18.0.1.1\bin\net.dll
0x00007ff9d6940000 - 0x00007ff9d6a4a000 	C:\WINDOWS\SYSTEM32\WINHTTP.dll
0x00007ff9e64c0000 - 0x00007ff9e652a000 	C:\WINDOWS\system32\mswsock.dll
0x00007ff9c7210000 - 0x00007ff9c7226000 	C:\Program Files\Java\jdk-18.0.1.1\bin\nio.dll
0x00007ff9df510000 - 0x00007ff9df52a000 	C:\Program Files\JetBrains\IntelliJ IDEA Community Edition 2022.2\bin\breakgen64.dll
0x0000000069ac0000 - 0x0000000069ae4000 	C:\Users\lucy2\AppData\Local\Temp\jansi-2.4.0-5cda3573c337f43e-jansi.dll
0x00007ff9d7320000 - 0x00007ff9d7330000 	C:\Program Files\Java\jdk-18.0.1.1\bin\verify.dll

dbghelp: loaded successfully - version: 4.0.5 - missing functions: none
symbol engine: initialized successfully - sym options: 0x614 - pdb path: .;C:\Program Files\Java\jdk-18.0.1.1\bin;C:\WINDOWS\SYSTEM32;C:\ProgramData\Symantec\Symantec Endpoint Protection\14.3.7388.4000.105\Data\Sysfer\x64;C:\WINDOWS\WinSxS\amd64_microsoft.windows.common-controls_6595b64144ccf1df_6.0.19041.1110_none_60b5254171f9507e;C:\Program Files\Java\jdk-18.0.1.1\bin\server;C:\Program Files\JetBrains\IntelliJ IDEA Community Edition 2022.2\bin;C:\Users\lucy2\AppData\Local\Temp

VM Arguments:
jvm_args: -Dmaven.multiModuleProjectDirectory=C:\Users\lucy2\Desktop\Spring-Practice\spring-restcontroller -Dmaven.home=C:\Users\lucy2\.m2\wrapper\dists\apache-maven-3.8.6-bin\1ks0nkde5v1pk9vtc31i9d0lcd\apache-maven-3.8.6 -Dclassworlds.conf=C:\Users\lucy2\.m2\wrapper\dists\apache-maven-3.8.6-bin\1ks0nkde5v1pk9vtc31i9d0lcd\apache-maven-3.8.6\bin\m2.conf -Dmaven.ext.class.path=C:\Program Files\JetBrains\IntelliJ IDEA Community Edition 2022.2\plugins\maven\lib\maven-event-listener.jar -javaagent:C:\Program Files\JetBrains\IntelliJ IDEA Community Edition 2022.2\lib\idea_rt.jar=62493:C:\Program Files\JetBrains\IntelliJ IDEA Community Edition 2022.2\bin -Dfile.encoding=UTF-8 
java_command: org.codehaus.classworlds.Launcher -Didea.version=2022.2 clean install -DskipTests
java_class_path (initial): C:\Users\lucy2\.m2\wrapper\dists\apache-maven-3.8.6-bin\1ks0nkde5v1pk9vtc31i9d0lcd\apache-maven-3.8.6\boot\plexus-classworlds-2.6.0.jar;C:\Users\lucy2\.m2\wrapper\dists\apache-maven-3.8.6-bin\1ks0nkde5v1pk9vtc31i9d0lcd\apache-maven-3.8.6\boot\plexus-classworlds.license
Launcher Type: SUN_STANDARD

[Global flags]
     intx CICompilerCount                          = 3                                         {product} {ergonomic}
     uint ConcGCThreads                            = 1                                         {product} {ergonomic}
     uint G1ConcRefinementThreads                  = 4                                         {product} {ergonomic}
   size_t G1HeapRegionSize                         = 1048576                                   {product} {ergonomic}
    uintx GCDrainStackTargetSize                   = 64                                        {product} {ergonomic}
   size_t InitialHeapSize                          = 132120576                                 {product} {ergonomic}
   size_t MarkStackSize                            = 4194304                                   {product} {ergonomic}
   size_t MaxHeapSize                              = 2113929216                                {product} {ergonomic}
   size_t MaxNewSize                               = 1267728384                                {product} {ergonomic}
   size_t MinHeapDeltaBytes                        = 1048576                                   {product} {ergonomic}
   size_t MinHeapSize                              = 8388608                                   {product} {ergonomic}
    uintx NonNMethodCodeHeapSize                   = 5832780                                {pd product} {ergonomic}
    uintx NonProfiledCodeHeapSize                  = 122912730                              {pd product} {ergonomic}
    uintx ProfiledCodeHeapSize                     = 122912730                              {pd product} {ergonomic}
    uintx ReservedCodeCacheSize                    = 251658240                              {pd product} {ergonomic}
     bool SegmentedCodeCache                       = true                                      {product} {ergonomic}
   size_t SoftMaxHeapSize                          = 2113929216                             {manageable} {ergonomic}
     bool UseCompressedClassPointers               = true                           {product lp64_product} {ergonomic}
     bool UseCompressedOops                        = true                           {product lp64_product} {ergonomic}
     bool UseG1GC                                  = true                                      {product} {ergonomic}
     bool UseLargePagesIndividualAllocation        = false                                  {pd product} {ergonomic}

Logging:
Log output configuration:
 #0: stdout all=warning uptime,level,tags foldmultilines=false
 #1: stderr all=off uptime,level,tags foldmultilines=false

Environment Variables:
JAVA_HOME=C:\Program Files\Java\jdk-11.0.16
PATH=C:\Program Files\Java\jdk-11.0.16\bin;C:\Program Files\Common Files\Oracle\Java\javapath;C:\Program Files\AdoptOpenJDK\jdk-11.0.7.10-hotspot\bin;C:\WINDOWS\system32;C:\WINDOWS;C:\WINDOWS\System32\Wbem;C:\WINDOWS\System32\WindowsPowerShell\v1.0\;C:\WINDOWS\System32\OpenSSH\;C:\Program Files (x86)\IncrediBuild;C:\Program Files\Git\cmd;C:\Program Files\PuTTY\;C:\Users\lucy2\Downloads\opencv\build;C:\Users\lucy2\Downloads\opencv\build\bin;C:\Users\lucy2\Downloads\opencv\build\include;C:\Users\lucy2\Downloads\opencv\build\include\opencv2;C:\Users\lucy2\Downloads\opencv\build\x64\vc14\lib;C:\Users\lucy2\Downloads\opencv\build\x64\vc14\bin;C:\Program Files\Microsoft SQL Server\150\Tools\Binn\;C:\Program Files\Microsoft SQL Server\Client SDK\ODBC\170\Tools\Binn\;C:\Program Files\dotnet\;C:\Program Files\Azure Data Studio\bin;C:\Program Files (x86)\Microsoft SQL Server\150\DTS\Binn\;C:\Program Files\nodejs\;C:\Users\lucy2\anaconda3;C:\Users\lucy2\anaconda3\Library\mingw-w64\bin;C:\Users\lucy2\anaconda3\Library\usr\bin;C:\Users\lucy2\anaconda3\Library\bin;C:\Users\lucy2\anaconda3\Scripts;C:\Users\lucy2\AppData\Local\Microsoft\WindowsApps;C:\Users\lucy2\AppData\Local\gitkraken\bin;C:\Users\lucy2\.dotnet\tools;C:\Program Files\Azure Data Studio\bin;C:\Users\lucy2\AppData\Local\Programs\Microsoft VS Code\bin;C:\Users\lucy2\AppData\Roaming\npm;C:\Users\lucy2\AppData\Local\GitHubDesktop\bin
USERNAME=lucy2
OS=Windows_NT
PROCESSOR_IDENTIFIER=Intel64 Family 6 Model 142 Stepping 9, GenuineIntel



---------------  S Y S T E M  ---------------

OS:
 Windows 10 , 64 bit Build 19041 (10.0.19041.1889)
OS uptime: 0 days 16:18 hours

CPU: total 4 (initial active 4) (2 cores per cpu, 2 threads per core) family 6 model 142 stepping 9 microcode 0xb4, cx8, cmov, fxsr, ht, mmx, 3dnowpref, sse, sse2, sse3, ssse3, sse4.1, sse4.2, popcnt, lzcnt, tsc, tscinvbit, avx, avx2, aes, erms, clmul, bmi1, bmi2, adx, fma, vzeroupper, clflush, clflushopt

Memory: 4k page, system-wide physical 8060M (119M free)
TotalPageFile size 32636M (AvailPageFile size 4M)
current process WorkingSet (physical memory assigned to process): 161M, peak: 161M
current process commit charge ("private bytes"): 238M, peak: 238M

vm_info: Java HotSpot(TM) 64-Bit Server VM (18.0.1.1+2-6) for windows-amd64 JRE (18.0.1.1+2-6), built on Apr 25 2022 21:53:15 by "mach5one" with MS VC++ 16.8 / 16.9 (VS2019)

END.
