#
# There is insufficient memory for the Java Runtime Environment to continue.
# Native memory allocation (mmap) failed to map 132120576 bytes for G1 virtual space
# Possible reasons:
#   The system is out of physical RAM or swap space
#   The process is running with CompressedOops enabled, and the Java Heap may be blocking the growth of the native heap
# Possible solutions:
#   Reduce memory load on the system
#   Increase physical memory or swap space
#   Check if swap backing store is full
#   Decrease Java heap size (-Xmx/-Xms)
#   Decrease number of Java threads
#   Decrease Java thread stack sizes (-Xss)
#   Set larger code cache with -XX:ReservedCodeCacheSize=
#   JVM is running with Unscaled Compressed Oops mode in which the Java heap is
#     placed in the first 4GB address space. The Java Heap base address is the
#     maximum limit for the native heap growth. Please use -XX:HeapBaseMinAddress
#     to set the Java Heap base and to place the Java Heap above 4GB virtual address.
# This output file may be truncated or incomplete.
#
#  Out of Memory Error (os_windows.cpp:3530), pid=33172, tid=33964
#
# JRE version:  (18.0.1.1+2) (build )
# Java VM: Java HotSpot(TM) 64-Bit Server VM (18.0.1.1+2-6, mixed mode, sharing, tiered, compressed oops, compressed class ptrs, g1 gc, windows-amd64)
# No core dump will be written. Minidumps are not enabled by default on client versions of Windows
#

---------------  S U M M A R Y ------------

Command Line: -Dmaven.multiModuleProjectDirectory=C:\Users\lucy2\Desktop\Spring-Practice\spring-restcontroller -Dmaven.home=C:\Users\lucy2\.m2\wrapper\dists\apache-maven-3.8.6-bin\1ks0nkde5v1pk9vtc31i9d0lcd\apache-maven-3.8.6 -Dclassworlds.conf=C:\Users\lucy2\.m2\wrapper\dists\apache-maven-3.8.6-bin\1ks0nkde5v1pk9vtc31i9d0lcd\apache-maven-3.8.6\bin\m2.conf -Dmaven.ext.class.path=C:\Program Files\JetBrains\IntelliJ IDEA Community Edition 2022.2\plugins\maven\lib\maven-event-listener.jar -javaagent:C:\Program Files\JetBrains\IntelliJ IDEA Community Edition 2022.2\lib\idea_rt.jar=62459:C:\Program Files\JetBrains\IntelliJ IDEA Community Edition 2022.2\bin -Dfile.encoding=UTF-8 org.codehaus.classworlds.Launcher -Didea.version=2022.2 clean

Host: Intel(R) Core(TM) i7-7500U CPU @ 2.70GHz, 4 cores, 7G,  Windows 10 , 64 bit Build 19041 (10.0.19041.1889)
Time: Fri Aug 12 10:14:27 2022  Windows 10 , 64 bit Build 19041 (10.0.19041.1889) elapsed time: 0.172004 seconds (0d 0h 0m 0s)

---------------  T H R E A D  ---------------

Current thread (0x000001d7ad658ab0):  JavaThread "Unknown thread" [_thread_in_vm, id=33964, stack(0x00000069ef100000,0x00000069ef200000)]

Stack: [0x00000069ef100000,0x00000069ef200000]
Native frames: (J=compiled Java code, j=interpreted, Vv=VM code, C=native code)
V  [jvm.dll+0x69887a]
V  [jvm.dll+0x7f38bd]
V  [jvm.dll+0x7f51ce]
V  [jvm.dll+0x7f5883]
V  [jvm.dll+0x25ca3f]
V  [jvm.dll+0x6957c9]
V  [jvm.dll+0x68a2fa]
V  [jvm.dll+0x321efb]
V  [jvm.dll+0x3298d6]
V  [jvm.dll+0x37e47e]
V  [jvm.dll+0x37e6af]
V  [jvm.dll+0x2f9c7a]
V  [jvm.dll+0x2facdd]
V  [jvm.dll+0x7c24f0]
V  [jvm.dll+0x38b801]
V  [jvm.dll+0x7a1203]
V  [jvm.dll+0x40d6bf]
V  [jvm.dll+0x40f091]
C  [jli.dll+0x526b]
C  [ucrtbase.dll+0x21bb2]
C  [KERNEL32.DLL+0x17034]
C  [ntdll.dll+0x52651]


---------------  P R O C E S S  ---------------

Threads class SMR info:
_java_thread_list=0x00007ff9a0c3d550, length=0, elements={
}

Java Threads: ( => current thread )

Other Threads:
  0x000001d7ad872950 WorkerThread "GC Thread#0" [stack: 0x00000069ef200000,0x00000069ef300000] [id=34416]
  0x000001d7ad883290 ConcurrentGCThread "G1 Main Marker" [stack: 0x00000069ef300000,0x00000069ef400000] [id=27440]
  0x000001d7ad883a90 WorkerThread "G1 Conc#0" [stack: 0x00000069ef400000,0x00000069ef500000] [id=33256]

[error occurred during error reporting (printing all threads), id 0xc0000005, EXCEPTION_ACCESS_VIOLATION (0xc0000005) at pc=0x00007ff9a046a217]

VM state: not at safepoint (not fully initialized)

VM Mutex/Monitor currently owned by a thread:  ([mutex/lock_event])
[0x000001d7ad810e00] Heap_lock - owner thread: 0x000001d7ad658ab0

Heap address: 0x0000000082000000, size: 2016 MB, Compressed Oops mode: 32-bit

CDS archive(s) mapped at: [0x0000000000000000-0x0000000000000000-0x0000000000000000), size 0, SharedBaseAddress: 0x0000000800000000, ArchiveRelocationMode: 0.
Narrow klass base: 0x0000000000000000, Narrow klass shift: 0, Narrow klass range: 0x0

GC Precious Log:
 CardTable entry size: 512
 Card Set container configuration: InlinePtr #cards 5 size 8 Array Of Cards #cards 12 size 40 Howl #buckets 4 coarsen threshold 1843 Howl Bitmap #cards 512 size 80 coarsen threshold 460 Card regions per heap region 1 cards per card region 2048

Heap:
 garbage-first heap   total 0K, used 0K [0x0000000082000000, 0x0000000100000000)
  region size 1024K, 0 young (0K), 0 survivors (0K)

[error occurred during error reporting (printing heap information), id 0xc0000005, EXCEPTION_ACCESS_VIOLATION (0xc0000005) at pc=0x00007ff9a0850cb9]

GC Heap History (0 events):
No events

Deoptimization events (0 events):
No events

Classes loaded (0 events):
No events

Classes unloaded (0 events):
No events

Classes redefined (0 events):
No events

Internal exceptions (0 events):
No events

VM Operations (0 events):
No events

Events (1 events):
Event: 0.102 Loaded shared library C:\Program Files\Java\jdk-18.0.1.1\bin\java.dll


Dynamic libraries:
0x00007ff79a5f0000 - 0x00007ff79a600000 	C:\Program Files\Java\jdk-18.0.1.1\bin\java.exe
0x00007ff9e96b0000 - 0x00007ff9e98a8000 	C:\WINDOWS\SYSTEM32\ntdll.dll
0x00007ff9e79d0000 - 0x00007ff9e7a8d000 	C:\WINDOWS\System32\KERNEL32.DLL
0x00007ff9e6dd0000 - 0x00007ff9e709e000 	C:\WINDOWS\System32\KERNELBASE.dll
0x0000000063cb0000 - 0x0000000063d62000 	C:\ProgramData\Symantec\Symantec Endpoint Protection\14.3.7388.4000.105\Data\Sysfer\x64\sysfer.dll
0x00007ff9e7140000 - 0x00007ff9e7240000 	C:\WINDOWS\System32\ucrtbase.dll
0x00007ff9cb560000 - 0x00007ff9cb57a000 	C:\Program Files\Java\jdk-18.0.1.1\bin\VCRUNTIME140.dll
0x00007ff9df3f0000 - 0x00007ff9df408000 	C:\Program Files\Java\jdk-18.0.1.1\bin\jli.dll
0x00007ff9e7a90000 - 0x00007ff9e7b3e000 	C:\WINDOWS\System32\ADVAPI32.dll
0x00007ff9e7720000 - 0x00007ff9e77be000 	C:\WINDOWS\System32\msvcrt.dll
0x00007ff9e8d70000 - 0x00007ff9e8e0c000 	C:\WINDOWS\System32\sechost.dll
0x00007ff9e7f60000 - 0x00007ff9e8085000 	C:\WINDOWS\System32\RPCRT4.dll
0x00007ff9e93a0000 - 0x00007ff9e9540000 	C:\WINDOWS\System32\USER32.dll
0x00007ff9e70a0000 - 0x00007ff9e70c2000 	C:\WINDOWS\System32\win32u.dll
0x00007ff9e9370000 - 0x00007ff9e939a000 	C:\WINDOWS\System32\GDI32.dll
0x00007ff9e7600000 - 0x00007ff9e770b000 	C:\WINDOWS\System32\gdi32full.dll
0x00007ff9e7420000 - 0x00007ff9e74bd000 	C:\WINDOWS\System32\msvcp_win.dll
0x00007ff9d5c50000 - 0x00007ff9d5eea000 	C:\WINDOWS\WinSxS\amd64_microsoft.windows.common-controls_6595b64144ccf1df_6.0.19041.1110_none_60b5254171f9507e\COMCTL32.dll
0x00007ff9d4690000 - 0x00007ff9d469a000 	C:\WINDOWS\SYSTEM32\VERSION.dll
0x00007ff9e7b40000 - 0x00007ff9e7b48000 	C:\WINDOWS\System32\psapi.dll
0x00007ff9e8e10000 - 0x00007ff9e8e40000 	C:\WINDOWS\System32\IMM32.DLL
0x00007ff9df3e0000 - 0x00007ff9df3ec000 	C:\Program Files\Java\jdk-18.0.1.1\bin\vcruntime140_1.dll
0x00007ff9b2570000 - 0x00007ff9b25fd000 	C:\Program Files\Java\jdk-18.0.1.1\bin\msvcp140.dll
0x00007ff9a0160000 - 0x00007ff9a0d70000 	C:\Program Files\Java\jdk-18.0.1.1\bin\server\jvm.dll
0x00007ff9cbfa0000 - 0x00007ff9cbfa9000 	C:\WINDOWS\SYSTEM32\WSOCK32.dll
0x00007ff9e7b70000 - 0x00007ff9e7bdb000 	C:\WINDOWS\System32\WS2_32.dll
0x00007ff9b2c10000 - 0x00007ff9b2c37000 	C:\WINDOWS\SYSTEM32\WINMM.dll
0x00007ff9e5660000 - 0x00007ff9e5672000 	C:\WINDOWS\SYSTEM32\kernel.appcore.dll
0x00007ff9dc3e0000 - 0x00007ff9dc3ea000 	C:\Program Files\Java\jdk-18.0.1.1\bin\jimage.dll
0x00007ff9e4a30000 - 0x00007ff9e4c14000 	C:\WINDOWS\SYSTEM32\DBGHELP.DLL
0x00007ff9c3f10000 - 0x00007ff9c3f3c000 	C:\WINDOWS\SYSTEM32\dbgcore.DLL
0x00007ff9e74c0000 - 0x00007ff9e7542000 	C:\WINDOWS\System32\bcryptPrimitives.dll
0x00007ff9e06d0000 - 0x00007ff9e06de000 	C:\Program Files\Java\jdk-18.0.1.1\bin\instrument.dll
0x00007ff9c7340000 - 0x00007ff9c7365000 	C:\Program Files\Java\jdk-18.0.1.1\bin\java.dll

dbghelp: loaded successfully - version: 4.0.5 - missing functions: none
symbol engine: initialized successfully - sym options: 0x614 - pdb path: .;C:\Program Files\Java\jdk-18.0.1.1\bin;C:\WINDOWS\SYSTEM32;C:\ProgramData\Symantec\Symantec Endpoint Protection\14.3.7388.4000.105\Data\Sysfer\x64;C:\WINDOWS\WinSxS\amd64_microsoft.windows.common-controls_6595b64144ccf1df_6.0.19041.1110_none_60b5254171f9507e;C:\Program Files\Java\jdk-18.0.1.1\bin\server

VM Arguments:
jvm_args: -Dmaven.multiModuleProjectDirectory=C:\Users\lucy2\Desktop\Spring-Practice\spring-restcontroller -Dmaven.home=C:\Users\lucy2\.m2\wrapper\dists\apache-maven-3.8.6-bin\1ks0nkde5v1pk9vtc31i9d0lcd\apache-maven-3.8.6 -Dclassworlds.conf=C:\Users\lucy2\.m2\wrapper\dists\apache-maven-3.8.6-bin\1ks0nkde5v1pk9vtc31i9d0lcd\apache-maven-3.8.6\bin\m2.conf -Dmaven.ext.class.path=C:\Program Files\JetBrains\IntelliJ IDEA Community Edition 2022.2\plugins\maven\lib\maven-event-listener.jar -javaagent:C:\Program Files\JetBrains\IntelliJ IDEA Community Edition 2022.2\lib\idea_rt.jar=62459:C:\Program Files\JetBrains\IntelliJ IDEA Community Edition 2022.2\bin -Dfile.encoding=UTF-8 
java_command: org.codehaus.classworlds.Launcher -Didea.version=2022.2 clean
java_class_path (initial): C:\Users\lucy2\.m2\wrapper\dists\apache-maven-3.8.6-bin\1ks0nkde5v1pk9vtc31i9d0lcd\apache-maven-3.8.6\boot\plexus-classworlds-2.6.0.jar;C:\Users\lucy2\.m2\wrapper\dists\apache-maven-3.8.6-bin\1ks0nkde5v1pk9vtc31i9d0lcd\apache-maven-3.8.6\boot\plexus-classworlds.license
Launcher Type: SUN_STANDARD

[Global flags]
     intx CICompilerCount                          = 3                                         {product} {ergonomic}
     uint ConcGCThreads                            = 1                                         {product} {ergonomic}
     uint G1ConcRefinementThreads                  = 4                                         {product} {ergonomic}
   size_t G1HeapRegionSize                         = 1048576                                   {product} {ergonomic}
    uintx GCDrainStackTargetSize                   = 64                                        {product} {ergonomic}
   size_t InitialHeapSize                          = 132120576                                 {product} {ergonomic}
   size_t MarkStackSize                            = 4194304                                   {product} {ergonomic}
   size_t MaxHeapSize                              = 2113929216                                {product} {ergonomic}
   size_t MinHeapDeltaBytes                        = 1048576                                   {product} {ergonomic}
   size_t MinHeapSize                              = 8388608                                   {product} {ergonomic}
    uintx NonNMethodCodeHeapSize                   = 5832780                                {pd product} {ergonomic}
    uintx NonProfiledCodeHeapSize                  = 122912730                              {pd product} {ergonomic}
    uintx ProfiledCodeHeapSize                     = 122912730                              {pd product} {ergonomic}
    uintx ReservedCodeCacheSize                    = 251658240                              {pd product} {ergonomic}
     bool SegmentedCodeCache                       = true                                      {product} {ergonomic}
   size_t SoftMaxHeapSize                          = 2113929216                             {manageable} {ergonomic}
     bool UseCompressedClassPointers               = true                           {product lp64_product} {ergonomic}
     bool UseCompressedOops                        = true                           {product lp64_product} {ergonomic}
     bool UseG1GC                                  = true                                      {product} {ergonomic}
     bool UseLargePagesIndividualAllocation        = false                                  {pd product} {ergonomic}

Logging:
Log output configuration:
 #0: stdout all=warning uptime,level,tags foldmultilines=false
 #1: stderr all=off uptime,level,tags foldmultilines=false

Environment Variables:
JAVA_HOME=C:\Program Files\Java\jdk-11.0.16
PATH=C:\Program Files\Java\jdk-11.0.16\bin;C:\Program Files\Common Files\Oracle\Java\javapath;C:\Program Files\AdoptOpenJDK\jdk-11.0.7.10-hotspot\bin;C:\WINDOWS\system32;C:\WINDOWS;C:\WINDOWS\System32\Wbem;C:\WINDOWS\System32\WindowsPowerShell\v1.0\;C:\WINDOWS\System32\OpenSSH\;C:\Program Files (x86)\IncrediBuild;C:\Program Files\Git\cmd;C:\Program Files\PuTTY\;C:\Users\lucy2\Downloads\opencv\build;C:\Users\lucy2\Downloads\opencv\build\bin;C:\Users\lucy2\Downloads\opencv\build\include;C:\Users\lucy2\Downloads\opencv\build\include\opencv2;C:\Users\lucy2\Downloads\opencv\build\x64\vc14\lib;C:\Users\lucy2\Downloads\opencv\build\x64\vc14\bin;C:\Program Files\Microsoft SQL Server\150\Tools\Binn\;C:\Program Files\Microsoft SQL Server\Client SDK\ODBC\170\Tools\Binn\;C:\Program Files\dotnet\;C:\Program Files\Azure Data Studio\bin;C:\Program Files (x86)\Microsoft SQL Server\150\DTS\Binn\;C:\Program Files\nodejs\;C:\Users\lucy2\anaconda3;C:\Users\lucy2\anaconda3\Library\mingw-w64\bin;C:\Users\lucy2\anaconda3\Library\usr\bin;C:\Users\lucy2\anaconda3\Library\bin;C:\Users\lucy2\anaconda3\Scripts;C:\Users\lucy2\AppData\Local\Microsoft\WindowsApps;C:\Users\lucy2\AppData\Local\gitkraken\bin;C:\Users\lucy2\.dotnet\tools;C:\Program Files\Azure Data Studio\bin;C:\Users\lucy2\AppData\Local\Programs\Microsoft VS Code\bin;C:\Users\lucy2\AppData\Roaming\npm;C:\Users\lucy2\AppData\Local\GitHubDesktop\bin
USERNAME=lucy2
OS=Windows_NT
PROCESSOR_IDENTIFIER=Intel64 Family 6 Model 142 Stepping 9, GenuineIntel



---------------  S Y S T E M  ---------------

OS:
 Windows 10 , 64 bit Build 19041 (10.0.19041.1889)
OS uptime: 0 days 16:14 hours

CPU: total 4 (initial active 4) (2 cores per cpu, 2 threads per core) family 6 model 142 stepping 9 microcode 0xb4, cx8, cmov, fxsr, ht, mmx, 3dnowpref, sse, sse2, sse3, ssse3, sse4.1, sse4.2, popcnt, lzcnt, tsc, tscinvbit, avx, avx2, aes, erms, clmul, bmi1, bmi2, adx, fma, vzeroupper, clflush, clflushopt

Memory: 4k page, system-wide physical 8060M (131M free)
TotalPageFile size 32636M (AvailPageFile size 105M)
current process WorkingSet (physical memory assigned to process): 11M, peak: 11M
current process commit charge ("private bytes"): 52M, peak: 178M

vm_info: Java HotSpot(TM) 64-Bit Server VM (18.0.1.1+2-6) for windows-amd64 JRE (18.0.1.1+2-6), built on Apr 25 2022 21:53:15 by "mach5one" with MS VC++ 16.8 / 16.9 (VS2019)

END.
