#
# There is insufficient memory for the Java Runtime Environment to continue.
# Native memory allocation (malloc) failed to allocate 32784 bytes for Chunk::new
# Possible reasons:
#   The system is out of physical RAM or swap space
#   The process is running with CompressedOops enabled, and the Java Heap may be blocking the growth of the native heap
# Possible solutions:
#   Reduce memory load on the system
#   Increase physical memory or swap space
#   Check if swap backing store is full
#   Decrease Java heap size (-Xmx/-Xms)
#   Decrease number of Java threads
#   Decrease Java thread stack sizes (-Xss)
#   Set larger code cache with -XX:ReservedCodeCacheSize=
#   JVM is running with Unscaled Compressed Oops mode in which the Java heap is
#     placed in the first 4GB address space. The Java Heap base address is the
#     maximum limit for the native heap growth. Please use -XX:HeapBaseMinAddress
#     to set the Java Heap base and to place the Java Heap above 4GB virtual address.
# This output file may be truncated or incomplete.
#
#  Out of Memory Error (arena.cpp:184), pid=34984, tid=25240
#
# JRE version: Java(TM) SE Runtime Environment (18.0.1.1+2) (build 18.0.1.1+2-6)
# Java VM: Java HotSpot(TM) 64-Bit Server VM (18.0.1.1+2-6, mixed mode, sharing, tiered, compressed oops, compressed class ptrs, g1 gc, windows-amd64)
# No core dump will be written. Minidumps are not enabled by default on client versions of Windows
#

---------------  S U M M A R Y ------------

Command Line: -Dmaven.multiModuleProjectDirectory=C:\Users\lucy2\Desktop\Spring-Practice\spring-restcontroller -Dmaven.home=C:\Users\lucy2\.m2\wrapper\dists\apache-maven-3.8.6-bin\1ks0nkde5v1pk9vtc31i9d0lcd\apache-maven-3.8.6 -Dclassworlds.conf=C:\Users\lucy2\.m2\wrapper\dists\apache-maven-3.8.6-bin\1ks0nkde5v1pk9vtc31i9d0lcd\apache-maven-3.8.6\bin\m2.conf -Dmaven.ext.class.path=C:\Program Files\JetBrains\IntelliJ IDEA Community Edition 2022.2\plugins\maven\lib\maven-event-listener.jar -javaagent:C:\Program Files\JetBrains\IntelliJ IDEA Community Edition 2022.2\lib\idea_rt.jar=62483:C:\Program Files\JetBrains\IntelliJ IDEA Community Edition 2022.2\bin -Dfile.encoding=UTF-8 org.codehaus.classworlds.Launcher -Didea.version=2022.2 clean

Host: Intel(R) Core(TM) i7-7500U CPU @ 2.70GHz, 4 cores, 7G,  Windows 10 , 64 bit Build 19041 (10.0.19041.1889)
Time: Fri Aug 12 10:15:58 2022  Windows 10 , 64 bit Build 19041 (10.0.19041.1889) elapsed time: 1.596152 seconds (0d 0h 0m 1s)

---------------  T H R E A D  ---------------

Current thread (0x000001714fdd0060):  JavaThread "C2 CompilerThread0" daemon [_thread_in_native, id=25240, stack(0x0000004012600000,0x0000004012700000)]


Current CompileTask:
C2:   1596 1323       4       java.lang.String::replace (42 bytes)

Stack: [0x0000004012600000,0x0000004012700000]
Native frames: (J=compiled Java code, j=interpreted, Vv=VM code, C=native code)
V  [jvm.dll+0x69887a]
V  [jvm.dll+0x7f38bd]
V  [jvm.dll+0x7f51ce]
V  [jvm.dll+0x7f5883]
V  [jvm.dll+0x25ca3f]
V  [jvm.dll+0xb8c2f]
V  [jvm.dll+0xb8fa5]
V  [jvm.dll+0xb8d4b]
V  [jvm.dll+0x67744c]
V  [jvm.dll+0x62aa97]
V  [jvm.dll+0x22fa98]
V  [jvm.dll+0x22eff1]
V  [jvm.dll+0x1b9cfc]
V  [jvm.dll+0x23e8ca]
V  [jvm.dll+0x23cbb5]
V  [jvm.dll+0x7a5fb1]
V  [jvm.dll+0x7a03ea]
V  [jvm.dll+0x697725]
C  [ucrtbase.dll+0x21bb2]
C  [KERNEL32.DLL+0x17034]
C  [ntdll.dll+0x52651]


---------------  P R O C E S S  ---------------

Threads class SMR info:
_java_thread_list=0x0000017154b0f6d0, length=14, elements={
0x000001713045cf60, 0x000001714fd9e670, 0x000001714fda3990, 0x000001714fdc1e60,
0x000001714fdc4720, 0x000001714fdc5770, 0x000001714fdcdcd0, 0x000001714fdd0060,
0x000001714fdd1500, 0x000001714fde69c0, 0x000001714fd87140, 0x000001715420c910,
0x0000017154126f30, 0x0000017154b2be80
}

Java Threads: ( => current thread )
  0x000001713045cf60 JavaThread "main" [_thread_in_vm, id=35260, stack(0x0000004011900000,0x0000004011a00000)]
  0x000001714fd9e670 JavaThread "Reference Handler" daemon [_thread_blocked, id=30728, stack(0x0000004012000000,0x0000004012100000)]
  0x000001714fda3990 JavaThread "Finalizer" daemon [_thread_blocked, id=24964, stack(0x0000004012100000,0x0000004012200000)]
  0x000001714fdc1e60 JavaThread "Signal Dispatcher" daemon [_thread_blocked, id=24996, stack(0x0000004012200000,0x0000004012300000)]
  0x000001714fdc4720 JavaThread "Attach Listener" daemon [_thread_blocked, id=31128, stack(0x0000004012300000,0x0000004012400000)]
  0x000001714fdc5770 JavaThread "Service Thread" daemon [_thread_blocked, id=31768, stack(0x0000004012400000,0x0000004012500000)]
  0x000001714fdcdcd0 JavaThread "Monitor Deflation Thread" daemon [_thread_blocked, id=25516, stack(0x0000004012500000,0x0000004012600000)]
=>0x000001714fdd0060 JavaThread "C2 CompilerThread0" daemon [_thread_in_native, id=25240, stack(0x0000004012600000,0x0000004012700000)]
  0x000001714fdd1500 JavaThread "C1 CompilerThread0" daemon [_thread_blocked, id=32888, stack(0x0000004012700000,0x0000004012800000)]
  0x000001714fde69c0 JavaThread "Sweeper thread" daemon [_thread_blocked, id=33292, stack(0x0000004012800000,0x0000004012900000)]
  0x000001714fd87140 JavaThread "Common-Cleaner" daemon [_thread_blocked, id=34908, stack(0x0000004012900000,0x0000004012a00000)]
  0x000001715420c910 JavaThread "Monitor Ctrl-Break" daemon [_thread_in_native, id=34912, stack(0x0000004012a00000,0x0000004012b00000)]
  0x0000017154126f30 JavaThread "Notification Thread" daemon [_thread_blocked, id=34916, stack(0x0000004012b00000,0x0000004012c00000)]
  0x0000017154b2be80 JavaThread "C2 CompilerThread1" daemon [_thread_in_native, id=25256, stack(0x0000004013100000,0x0000004013200000)]

Other Threads:
  0x000001714fd9b720 VMThread "VM Thread" [stack: 0x0000004011f00000,0x0000004012000000] [id=29368]
  0x0000017130381c50 WatcherThread "VM Periodic Task Thread" [stack: 0x0000004012c00000,0x0000004012d00000] [id=34924]
  0x0000017132592ef0 WorkerThread "GC Thread#0" [stack: 0x0000004011a00000,0x0000004011b00000] [id=35120]
  0x0000017154540e90 WorkerThread "GC Thread#1" [stack: 0x0000004012d00000,0x0000004012e00000] [id=35292]
  0x00000171546982a0 WorkerThread "GC Thread#2" [stack: 0x0000004012e00000,0x0000004012f00000] [id=32516]
  0x00000171547b7870 WorkerThread "GC Thread#3" [stack: 0x0000004012f00000,0x0000004013000000] [id=34092]
  0x00000171325a3830 ConcurrentGCThread "G1 Main Marker" [stack: 0x0000004011b00000,0x0000004011c00000] [id=35220]
  0x00000171325a4ca0 WorkerThread "G1 Conc#0" [stack: 0x0000004011c00000,0x0000004011d00000] [id=34692]
  0x00000171325ce6d0 ConcurrentGCThread "G1 Refine#0" [stack: 0x0000004011d00000,0x0000004011e00000] [id=31448]
  0x0000017154ade890 ConcurrentGCThread "G1 Refine#1" [stack: 0x0000004013000000,0x0000004013100000] [id=35316]
  0x000001714fc54110 ConcurrentGCThread "G1 Service" [stack: 0x0000004011e00000,0x0000004011f00000] [id=35304]

Threads with active compile tasks:
C2 CompilerThread0     1870 1323       4       java.lang.String::replace (42 bytes)
C1 CompilerThread0     1871 1488       3       com.google.inject.internal.Annotations::findBindingAnnotation (76 bytes)
C2 CompilerThread1     1871 1426       4       jdk.internal.loader.URLClassPath::getResource (74 bytes)

VM state: not at safepoint (normal execution)

VM Mutex/Monitor currently owned by a thread: None

Heap address: 0x0000000082000000, size: 2016 MB, Compressed Oops mode: 32-bit

CDS archive(s) mapped at: [0x0000000800000000-0x0000000800ba0000-0x0000000800ba0000), size 12189696, SharedBaseAddress: 0x0000000800000000, ArchiveRelocationMode: 0.
Compressed class space mapped at: 0x0000000800c00000-0x0000000840c00000, reserved size: 1073741824
Narrow klass base: 0x0000000800000000, Narrow klass shift: 0, Narrow klass range: 0x100000000

GC Precious Log:
 CardTable entry size: 512
 Card Set container configuration: InlinePtr #cards 5 size 8 Array Of Cards #cards 12 size 40 Howl #buckets 4 coarsen threshold 1843 Howl Bitmap #cards 512 size 80 coarsen threshold 460 Card regions per heap region 1 cards per card region 2048
 CPUs: 4 total, 4 available
 Memory: 8060M
 Large Page Support: Disabled
 NUMA Support: Disabled
 Compressed Oops: Enabled (32-bit)
 Heap Region Size: 1M
 Heap Min Capacity: 8M
 Heap Initial Capacity: 126M
 Heap Max Capacity: 2016M
 Pre-touch: Disabled
 Parallel Workers: 4
 Concurrent Workers: 1
 Concurrent Refinement Workers: 4
 Periodic GC: Disabled

Heap:
 garbage-first heap   total 129024K, used 19589K [0x0000000082000000, 0x0000000100000000)
  region size 1024K, 17 young (17408K), 1 survivors (1024K)
 Metaspace       used 7901K, committed 8064K, reserved 1114112K
  class space    used 922K, committed 1024K, reserved 1048576K

Heap Regions: E=young(eden), S=young(survivor), O=old, HS=humongous(starts), HC=humongous(continues), CS=collection set, F=free, OA=open archive, CA=closed archive, TAMS=top-at-mark-start (previous, next)
|   0|0x0000000082000000, 0x0000000082100000, 0x0000000082100000|100%| O|  |TAMS 0x0000000082000000, 0x0000000082000000| Untracked 
|   1|0x0000000082100000, 0x0000000082200000, 0x0000000082200000|100%| O|  |TAMS 0x0000000082100000, 0x0000000082100000| Untracked 
|   2|0x0000000082200000, 0x0000000082300000, 0x0000000082300000|100%| O|  |TAMS 0x0000000082200000, 0x0000000082200000| Untracked 
|   3|0x0000000082300000, 0x0000000082371a00, 0x0000000082400000| 44%| O|  |TAMS 0x0000000082300000, 0x0000000082300000| Untracked 
|   4|0x0000000082400000, 0x0000000082400000, 0x0000000082500000|  0%| F|  |TAMS 0x0000000082400000, 0x0000000082400000| Untracked 
|   5|0x0000000082500000, 0x0000000082500000, 0x0000000082600000|  0%| F|  |TAMS 0x0000000082500000, 0x0000000082500000| Untracked 
|   6|0x0000000082600000, 0x0000000082600000, 0x0000000082700000|  0%| F|  |TAMS 0x0000000082600000, 0x0000000082600000| Untracked 
|   7|0x0000000082700000, 0x0000000082700000, 0x0000000082800000|  0%| F|  |TAMS 0x0000000082700000, 0x0000000082700000| Untracked 
|   8|0x0000000082800000, 0x0000000082800000, 0x0000000082900000|  0%| F|  |TAMS 0x0000000082800000, 0x0000000082800000| Untracked 
|   9|0x0000000082900000, 0x0000000082900000, 0x0000000082a00000|  0%| F|  |TAMS 0x0000000082900000, 0x0000000082900000| Untracked 
|  10|0x0000000082a00000, 0x0000000082a00000, 0x0000000082b00000|  0%| F|  |TAMS 0x0000000082a00000, 0x0000000082a00000| Untracked 
|  11|0x0000000082b00000, 0x0000000082b00000, 0x0000000082c00000|  0%| F|  |TAMS 0x0000000082b00000, 0x0000000082b00000| Untracked 
|  12|0x0000000082c00000, 0x0000000082c00000, 0x0000000082d00000|  0%| F|  |TAMS 0x0000000082c00000, 0x0000000082c00000| Untracked 
|  13|0x0000000082d00000, 0x0000000082d00000, 0x0000000082e00000|  0%| F|  |TAMS 0x0000000082d00000, 0x0000000082d00000| Untracked 
|  14|0x0000000082e00000, 0x0000000082e00000, 0x0000000082f00000|  0%| F|  |TAMS 0x0000000082e00000, 0x0000000082e00000| Untracked 
|  15|0x0000000082f00000, 0x0000000082f00000, 0x0000000083000000|  0%| F|  |TAMS 0x0000000082f00000, 0x0000000082f00000| Untracked 
|  16|0x0000000083000000, 0x0000000083000000, 0x0000000083100000|  0%| F|  |TAMS 0x0000000083000000, 0x0000000083000000| Untracked 
|  17|0x0000000083100000, 0x0000000083100000, 0x0000000083200000|  0%| F|  |TAMS 0x0000000083100000, 0x0000000083100000| Untracked 
|  18|0x0000000083200000, 0x0000000083200000, 0x0000000083300000|  0%| F|  |TAMS 0x0000000083200000, 0x0000000083200000| Untracked 
|  19|0x0000000083300000, 0x0000000083300000, 0x0000000083400000|  0%| F|  |TAMS 0x0000000083300000, 0x0000000083300000| Untracked 
|  20|0x0000000083400000, 0x0000000083400000, 0x0000000083500000|  0%| F|  |TAMS 0x0000000083400000, 0x0000000083400000| Untracked 
|  21|0x0000000083500000, 0x0000000083500000, 0x0000000083600000|  0%| F|  |TAMS 0x0000000083500000, 0x0000000083500000| Untracked 
|  22|0x0000000083600000, 0x0000000083600000, 0x0000000083700000|  0%| F|  |TAMS 0x0000000083600000, 0x0000000083600000| Untracked 
|  23|0x0000000083700000, 0x0000000083700000, 0x0000000083800000|  0%| F|  |TAMS 0x0000000083700000, 0x0000000083700000| Untracked 
|  24|0x0000000083800000, 0x0000000083800000, 0x0000000083900000|  0%| F|  |TAMS 0x0000000083800000, 0x0000000083800000| Untracked 
|  25|0x0000000083900000, 0x0000000083900000, 0x0000000083a00000|  0%| F|  |TAMS 0x0000000083900000, 0x0000000083900000| Untracked 
|  26|0x0000000083a00000, 0x0000000083a00000, 0x0000000083b00000|  0%| F|  |TAMS 0x0000000083a00000, 0x0000000083a00000| Untracked 
|  27|0x0000000083b00000, 0x0000000083b00000, 0x0000000083c00000|  0%| F|  |TAMS 0x0000000083b00000, 0x0000000083b00000| Untracked 
|  28|0x0000000083c00000, 0x0000000083c00000, 0x0000000083d00000|  0%| F|  |TAMS 0x0000000083c00000, 0x0000000083c00000| Untracked 
|  29|0x0000000083d00000, 0x0000000083d00000, 0x0000000083e00000|  0%| F|  |TAMS 0x0000000083d00000, 0x0000000083d00000| Untracked 
|  30|0x0000000083e00000, 0x0000000083e00000, 0x0000000083f00000|  0%| F|  |TAMS 0x0000000083e00000, 0x0000000083e00000| Untracked 
|  31|0x0000000083f00000, 0x0000000083f00000, 0x0000000084000000|  0%| F|  |TAMS 0x0000000083f00000, 0x0000000083f00000| Untracked 
|  32|0x0000000084000000, 0x0000000084000000, 0x0000000084100000|  0%| F|  |TAMS 0x0000000084000000, 0x0000000084000000| Untracked 
|  33|0x0000000084100000, 0x0000000084100000, 0x0000000084200000|  0%| F|  |TAMS 0x0000000084100000, 0x0000000084100000| Untracked 
|  34|0x0000000084200000, 0x0000000084200000, 0x0000000084300000|  0%| F|  |TAMS 0x0000000084200000, 0x0000000084200000| Untracked 
|  35|0x0000000084300000, 0x0000000084300000, 0x0000000084400000|  0%| F|  |TAMS 0x0000000084300000, 0x0000000084300000| Untracked 
|  36|0x0000000084400000, 0x0000000084400000, 0x0000000084500000|  0%| F|  |TAMS 0x0000000084400000, 0x0000000084400000| Untracked 
|  37|0x0000000084500000, 0x0000000084500000, 0x0000000084600000|  0%| F|  |TAMS 0x0000000084500000, 0x0000000084500000| Untracked 
|  38|0x0000000084600000, 0x0000000084600000, 0x0000000084700000|  0%| F|  |TAMS 0x0000000084600000, 0x0000000084600000| Untracked 
|  39|0x0000000084700000, 0x0000000084700000, 0x0000000084800000|  0%| F|  |TAMS 0x0000000084700000, 0x0000000084700000| Untracked 
|  40|0x0000000084800000, 0x0000000084800000, 0x0000000084900000|  0%| F|  |TAMS 0x0000000084800000, 0x0000000084800000| Untracked 
|  41|0x0000000084900000, 0x0000000084900000, 0x0000000084a00000|  0%| F|  |TAMS 0x0000000084900000, 0x0000000084900000| Untracked 
|  42|0x0000000084a00000, 0x0000000084a00000, 0x0000000084b00000|  0%| F|  |TAMS 0x0000000084a00000, 0x0000000084a00000| Untracked 
|  43|0x0000000084b00000, 0x0000000084b00000, 0x0000000084c00000|  0%| F|  |TAMS 0x0000000084b00000, 0x0000000084b00000| Untracked 
|  44|0x0000000084c00000, 0x0000000084c00000, 0x0000000084d00000|  0%| F|  |TAMS 0x0000000084c00000, 0x0000000084c00000| Untracked 
|  45|0x0000000084d00000, 0x0000000084d00000, 0x0000000084e00000|  0%| F|  |TAMS 0x0000000084d00000, 0x0000000084d00000| Untracked 
|  46|0x0000000084e00000, 0x0000000084e00000, 0x0000000084f00000|  0%| F|  |TAMS 0x0000000084e00000, 0x0000000084e00000| Untracked 
|  47|0x0000000084f00000, 0x0000000084f00000, 0x0000000085000000|  0%| F|  |TAMS 0x0000000084f00000, 0x0000000084f00000| Untracked 
|  48|0x0000000085000000, 0x0000000085000000, 0x0000000085100000|  0%| F|  |TAMS 0x0000000085000000, 0x0000000085000000| Untracked 
|  49|0x0000000085100000, 0x0000000085100000, 0x0000000085200000|  0%| F|  |TAMS 0x0000000085100000, 0x0000000085100000| Untracked 
|  50|0x0000000085200000, 0x0000000085200000, 0x0000000085300000|  0%| F|  |TAMS 0x0000000085200000, 0x0000000085200000| Untracked 
|  51|0x0000000085300000, 0x0000000085300000, 0x0000000085400000|  0%| F|  |TAMS 0x0000000085300000, 0x0000000085300000| Untracked 
|  52|0x0000000085400000, 0x0000000085400000, 0x0000000085500000|  0%| F|  |TAMS 0x0000000085400000, 0x0000000085400000| Untracked 
|  53|0x0000000085500000, 0x0000000085500000, 0x0000000085600000|  0%| F|  |TAMS 0x0000000085500000, 0x0000000085500000| Untracked 
|  54|0x0000000085600000, 0x0000000085600000, 0x0000000085700000|  0%| F|  |TAMS 0x0000000085600000, 0x0000000085600000| Untracked 
|  55|0x0000000085700000, 0x0000000085700000, 0x0000000085800000|  0%| F|  |TAMS 0x0000000085700000, 0x0000000085700000| Untracked 
|  56|0x0000000085800000, 0x0000000085800000, 0x0000000085900000|  0%| F|  |TAMS 0x0000000085800000, 0x0000000085800000| Untracked 
|  57|0x0000000085900000, 0x0000000085900000, 0x0000000085a00000|  0%| F|  |TAMS 0x0000000085900000, 0x0000000085900000| Untracked 
|  58|0x0000000085a00000, 0x0000000085a00000, 0x0000000085b00000|  0%| F|  |TAMS 0x0000000085a00000, 0x0000000085a00000| Untracked 
|  59|0x0000000085b00000, 0x0000000085b00000, 0x0000000085c00000|  0%| F|  |TAMS 0x0000000085b00000, 0x0000000085b00000| Untracked 
|  60|0x0000000085c00000, 0x0000000085c00000, 0x0000000085d00000|  0%| F|  |TAMS 0x0000000085c00000, 0x0000000085c00000| Untracked 
|  61|0x0000000085d00000, 0x0000000085d00000, 0x0000000085e00000|  0%| F|  |TAMS 0x0000000085d00000, 0x0000000085d00000| Untracked 
|  62|0x0000000085e00000, 0x0000000085e00000, 0x0000000085f00000|  0%| F|  |TAMS 0x0000000085e00000, 0x0000000085e00000| Untracked 
|  63|0x0000000085f00000, 0x0000000085f00000, 0x0000000086000000|  0%| F|  |TAMS 0x0000000085f00000, 0x0000000085f00000| Untracked 
|  64|0x0000000086000000, 0x0000000086000000, 0x0000000086100000|  0%| F|  |TAMS 0x0000000086000000, 0x0000000086000000| Untracked 
|  65|0x0000000086100000, 0x0000000086100000, 0x0000000086200000|  0%| F|  |TAMS 0x0000000086100000, 0x0000000086100000| Untracked 
|  66|0x0000000086200000, 0x0000000086200000, 0x0000000086300000|  0%| F|  |TAMS 0x0000000086200000, 0x0000000086200000| Untracked 
|  67|0x0000000086300000, 0x0000000086300000, 0x0000000086400000|  0%| F|  |TAMS 0x0000000086300000, 0x0000000086300000| Untracked 
|  68|0x0000000086400000, 0x0000000086400000, 0x0000000086500000|  0%| F|  |TAMS 0x0000000086400000, 0x0000000086400000| Untracked 
|  69|0x0000000086500000, 0x0000000086500000, 0x0000000086600000|  0%| F|  |TAMS 0x0000000086500000, 0x0000000086500000| Untracked 
|  70|0x0000000086600000, 0x0000000086600000, 0x0000000086700000|  0%| F|  |TAMS 0x0000000086600000, 0x0000000086600000| Untracked 
|  71|0x0000000086700000, 0x0000000086700000, 0x0000000086800000|  0%| F|  |TAMS 0x0000000086700000, 0x0000000086700000| Untracked 
|  72|0x0000000086800000, 0x0000000086800000, 0x0000000086900000|  0%| F|  |TAMS 0x0000000086800000, 0x0000000086800000| Untracked 
|  73|0x0000000086900000, 0x0000000086900000, 0x0000000086a00000|  0%| F|  |TAMS 0x0000000086900000, 0x0000000086900000| Untracked 
|  74|0x0000000086a00000, 0x0000000086a00000, 0x0000000086b00000|  0%| F|  |TAMS 0x0000000086a00000, 0x0000000086a00000| Untracked 
|  75|0x0000000086b00000, 0x0000000086b00000, 0x0000000086c00000|  0%| F|  |TAMS 0x0000000086b00000, 0x0000000086b00000| Untracked 
|  76|0x0000000086c00000, 0x0000000086c00000, 0x0000000086d00000|  0%| F|  |TAMS 0x0000000086c00000, 0x0000000086c00000| Untracked 
|  77|0x0000000086d00000, 0x0000000086d00000, 0x0000000086e00000|  0%| F|  |TAMS 0x0000000086d00000, 0x0000000086d00000| Untracked 
|  78|0x0000000086e00000, 0x0000000086e00000, 0x0000000086f00000|  0%| F|  |TAMS 0x0000000086e00000, 0x0000000086e00000| Untracked 
|  79|0x0000000086f00000, 0x0000000086f00000, 0x0000000087000000|  0%| F|  |TAMS 0x0000000086f00000, 0x0000000086f00000| Untracked 
|  80|0x0000000087000000, 0x0000000087000000, 0x0000000087100000|  0%| F|  |TAMS 0x0000000087000000, 0x0000000087000000| Untracked 
|  81|0x0000000087100000, 0x0000000087100000, 0x0000000087200000|  0%| F|  |TAMS 0x0000000087100000, 0x0000000087100000| Untracked 
|  82|0x0000000087200000, 0x0000000087200000, 0x0000000087300000|  0%| F|  |TAMS 0x0000000087200000, 0x0000000087200000| Untracked 
|  83|0x0000000087300000, 0x0000000087300000, 0x0000000087400000|  0%| F|  |TAMS 0x0000000087300000, 0x0000000087300000| Untracked 
|  84|0x0000000087400000, 0x0000000087400000, 0x0000000087500000|  0%| F|  |TAMS 0x0000000087400000, 0x0000000087400000| Untracked 
|  85|0x0000000087500000, 0x0000000087500000, 0x0000000087600000|  0%| F|  |TAMS 0x0000000087500000, 0x0000000087500000| Untracked 
|  86|0x0000000087600000, 0x0000000087600000, 0x0000000087700000|  0%| F|  |TAMS 0x0000000087600000, 0x0000000087600000| Untracked 
|  87|0x0000000087700000, 0x0000000087700000, 0x0000000087800000|  0%| F|  |TAMS 0x0000000087700000, 0x0000000087700000| Untracked 
|  88|0x0000000087800000, 0x0000000087800000, 0x0000000087900000|  0%| F|  |TAMS 0x0000000087800000, 0x0000000087800000| Untracked 
|  89|0x0000000087900000, 0x0000000087900000, 0x0000000087a00000|  0%| F|  |TAMS 0x0000000087900000, 0x0000000087900000| Untracked 
|  90|0x0000000087a00000, 0x0000000087a00000, 0x0000000087b00000|  0%| F|  |TAMS 0x0000000087a00000, 0x0000000087a00000| Untracked 
|  91|0x0000000087b00000, 0x0000000087b00000, 0x0000000087c00000|  0%| F|  |TAMS 0x0000000087b00000, 0x0000000087b00000| Untracked 
|  92|0x0000000087c00000, 0x0000000087c00000, 0x0000000087d00000|  0%| F|  |TAMS 0x0000000087c00000, 0x0000000087c00000| Untracked 
|  93|0x0000000087d00000, 0x0000000087d00000, 0x0000000087e00000|  0%| F|  |TAMS 0x0000000087d00000, 0x0000000087d00000| Untracked 
|  94|0x0000000087e00000, 0x0000000087e00000, 0x0000000087f00000|  0%| F|  |TAMS 0x0000000087e00000, 0x0000000087e00000| Untracked 
|  95|0x0000000087f00000, 0x0000000087f00000, 0x0000000088000000|  0%| F|  |TAMS 0x0000000087f00000, 0x0000000087f00000| Untracked 
|  96|0x0000000088000000, 0x0000000088000000, 0x0000000088100000|  0%| F|  |TAMS 0x0000000088000000, 0x0000000088000000| Untracked 
|  97|0x0000000088100000, 0x0000000088100000, 0x0000000088200000|  0%| F|  |TAMS 0x0000000088100000, 0x0000000088100000| Untracked 
|  98|0x0000000088200000, 0x0000000088200000, 0x0000000088300000|  0%| F|  |TAMS 0x0000000088200000, 0x0000000088200000| Untracked 
|  99|0x0000000088300000, 0x0000000088300000, 0x0000000088400000|  0%| F|  |TAMS 0x0000000088300000, 0x0000000088300000| Untracked 
| 100|0x0000000088400000, 0x0000000088400000, 0x0000000088500000|  0%| F|  |TAMS 0x0000000088400000, 0x0000000088400000| Untracked 
| 101|0x0000000088500000, 0x0000000088500000, 0x0000000088600000|  0%| F|  |TAMS 0x0000000088500000, 0x0000000088500000| Untracked 
| 102|0x0000000088600000, 0x0000000088600000, 0x0000000088700000|  0%| F|  |TAMS 0x0000000088600000, 0x0000000088600000| Untracked 
| 103|0x0000000088700000, 0x0000000088700000, 0x0000000088800000|  0%| F|  |TAMS 0x0000000088700000, 0x0000000088700000| Untracked 
| 104|0x0000000088800000, 0x0000000088800000, 0x0000000088900000|  0%| F|  |TAMS 0x0000000088800000, 0x0000000088800000| Untracked 
| 105|0x0000000088900000, 0x0000000088900000, 0x0000000088a00000|  0%| F|  |TAMS 0x0000000088900000, 0x0000000088900000| Untracked 
| 106|0x0000000088a00000, 0x0000000088a00000, 0x0000000088b00000|  0%| F|  |TAMS 0x0000000088a00000, 0x0000000088a00000| Untracked 
| 107|0x0000000088b00000, 0x0000000088b00000, 0x0000000088c00000|  0%| F|  |TAMS 0x0000000088b00000, 0x0000000088b00000| Untracked 
| 108|0x0000000088c00000, 0x0000000088c00000, 0x0000000088d00000|  0%| F|  |TAMS 0x0000000088c00000, 0x0000000088c00000| Untracked 
| 109|0x0000000088d00000, 0x0000000088d8c668, 0x0000000088e00000| 54%| E|  |TAMS 0x0000000088d00000, 0x0000000088d00000| Complete 
| 110|0x0000000088e00000, 0x0000000088eafaa0, 0x0000000088f00000| 68%| S|CS|TAMS 0x0000000088e00000, 0x0000000088e00000| Complete 
| 111|0x0000000088f00000, 0x0000000089000000, 0x0000000089000000|100%| E|CS|TAMS 0x0000000088f00000, 0x0000000088f00000| Complete 
| 112|0x0000000089000000, 0x0000000089100000, 0x0000000089100000|100%| E|CS|TAMS 0x0000000089000000, 0x0000000089000000| Complete 
| 113|0x0000000089100000, 0x0000000089200000, 0x0000000089200000|100%| E|CS|TAMS 0x0000000089100000, 0x0000000089100000| Complete 
| 114|0x0000000089200000, 0x0000000089300000, 0x0000000089300000|100%| E|CS|TAMS 0x0000000089200000, 0x0000000089200000| Complete 
| 115|0x0000000089300000, 0x0000000089400000, 0x0000000089400000|100%| E|CS|TAMS 0x0000000089300000, 0x0000000089300000| Complete 
| 116|0x0000000089400000, 0x0000000089500000, 0x0000000089500000|100%| E|CS|TAMS 0x0000000089400000, 0x0000000089400000| Complete 
| 117|0x0000000089500000, 0x0000000089600000, 0x0000000089600000|100%| E|CS|TAMS 0x0000000089500000, 0x0000000089500000| Complete 
| 118|0x0000000089600000, 0x0000000089700000, 0x0000000089700000|100%| E|CS|TAMS 0x0000000089600000, 0x0000000089600000| Complete 
| 119|0x0000000089700000, 0x0000000089800000, 0x0000000089800000|100%| E|CS|TAMS 0x0000000089700000, 0x0000000089700000| Complete 
| 120|0x0000000089800000, 0x0000000089900000, 0x0000000089900000|100%| E|CS|TAMS 0x0000000089800000, 0x0000000089800000| Complete 
| 121|0x0000000089900000, 0x0000000089a00000, 0x0000000089a00000|100%| E|CS|TAMS 0x0000000089900000, 0x0000000089900000| Complete 
| 122|0x0000000089a00000, 0x0000000089b00000, 0x0000000089b00000|100%| E|CS|TAMS 0x0000000089a00000, 0x0000000089a00000| Complete 
| 123|0x0000000089b00000, 0x0000000089c00000, 0x0000000089c00000|100%| E|CS|TAMS 0x0000000089b00000, 0x0000000089b00000| Complete 
| 124|0x0000000089c00000, 0x0000000089d00000, 0x0000000089d00000|100%| E|CS|TAMS 0x0000000089c00000, 0x0000000089c00000| Complete 
| 125|0x0000000089d00000, 0x0000000089e00000, 0x0000000089e00000|100%| E|CS|TAMS 0x0000000089d00000, 0x0000000089d00000| Complete 

Card table byte_map: [0x0000017149230000,0x0000017149620000] _byte_map_base: 0x0000017148e20000

Marking Bits (Prev, Next): (CMBitMap*) 0x0000017132593300, (CMBitMap*) 0x0000017132593340
 Prev Bits: [0x0000017149a10000, 0x000001714b990000)
 Next Bits: [0x000001714b990000, 0x000001714d910000)

Polling page: 0x0000017130470000

Metaspace:

Usage:
  Non-class:      6.90 MB used.
      Class:    934.28 KB used.
       Both:      7.81 MB used.

Virtual space:
  Non-class space:       64.00 MB reserved,       6.94 MB ( 11%) committed,  1 nodes.
      Class space:        1.00 GB reserved,       1.00 MB ( <1%) committed,  1 nodes.
             Both:        1.06 GB reserved,       7.94 MB ( <1%) committed. 

Chunk freelists:
   Non-Class:  3.25 MB
       Class:  3.00 MB
        Both:  6.00 MB

MaxMetaspaceSize: unlimited
CompressedClassSpaceSize: 1.00 GB
Initial GC threshold: 21.00 MB
Current GC threshold: 21.00 MB
CDS: on
MetaspaceReclaimPolicy: balanced
 - commit_granule_bytes: 65536.
 - commit_granule_words: 8192.
 - virtual_space_node_default_size: 8388608.
 - enlarge_chunks_in_place: 1.
 - new_chunks_are_fully_committed: 0.
 - uncommit_free_chunks: 1.
 - use_allocation_guard: 0.


Internal statistics:

num_allocs_failed_limit: 0.
num_arena_births: 50.
num_arena_deaths: 0.
num_vsnodes_births: 2.
num_vsnodes_deaths: 0.
num_space_committed: 128.
num_space_uncommitted: 0.
num_chunks_returned_to_freelist: 0.
num_chunks_taken_from_freelist: 281.
num_chunk_merges: 0.
num_chunk_splits: 209.
num_chunks_enlarged: 178.
num_inconsistent_stats: 0.

CodeHeap 'non-profiled nmethods': size=120000Kb used=546Kb max_used=546Kb free=119453Kb
 bounds [0x0000017141910000, 0x0000017141b80000, 0x0000017148e40000]
CodeHeap 'profiled nmethods': size=120000Kb used=2877Kb max_used=2877Kb free=117122Kb
 bounds [0x000001713a3e0000, 0x000001713a6b0000, 0x0000017141910000]
CodeHeap 'non-nmethods': size=5760Kb used=1173Kb max_used=1217Kb free=4586Kb
 bounds [0x0000017139e40000, 0x000001713a0b0000, 0x000001713a3e0000]
 total_blobs=1941 nmethods=1486 adapters=368
 compilation: enabled
              stopped_count=0, restarted_count=0
 full_count=0

Compilation events (20 events):
Event: 1.573 Thread 0x000001714fdd1500 1319       3       java.lang.Math::multiplyExact (74 bytes)
Event: 1.573 Thread 0x000001714fdd1500 nmethod 1319 0x000001713a652f10 code [0x000001713a6530e0, 0x000001713a653608]
Event: 1.573 Thread 0x000001714fdd1500 1318       3       java.nio.file.attribute.FileTime::<init> (21 bytes)
Event: 1.574 Thread 0x000001714fdd1500 nmethod 1318 0x000001713a653790 code [0x000001713a653940, 0x000001713a653b78]
Event: 1.574 Thread 0x000001714fdd1500 1320       3       java.nio.file.attribute.FileTime::from (18 bytes)
Event: 1.574 Thread 0x000001714fdd1500 nmethod 1320 0x000001713a653c10 code [0x000001713a653de0, 0x000001713a6541c8]
Event: 1.574 Thread 0x000001714fdd1500 1314       1       sun.reflect.annotation.AnnotationType::memberDefaults (5 bytes)
Event: 1.574 Thread 0x000001714fdd1500 nmethod 1314 0x0000017141990910 code [0x0000017141990aa0, 0x0000017141990b78]
Event: 1.574 Thread 0x000001714fdd1500 1316       1       sun.reflect.annotation.AnnotationType::retention (5 bytes)
Event: 1.574 Thread 0x000001714fdd1500 nmethod 1316 0x0000017141990c10 code [0x0000017141990da0, 0x0000017141990e78]
Event: 1.576 Thread 0x0000017154b2be80 1321       4       jdk.internal.jimage.ImageLocation::verify (218 bytes)
Event: 1.578 Thread 0x000001714fdd0060 1322       4       java.util.concurrent.ConcurrentHashMap$BaseIterator::hasNext (13 bytes)
Event: 1.578 Thread 0x000001714fdd0060 nmethod 1322 0x0000017141990f10 code [0x0000017141991080, 0x0000017141991118]
Event: 1.581 Thread 0x000001714fdd0060 1323       4       java.lang.String::replace (42 bytes)
Event: 1.583 Thread 0x000001714fdd1500 1324       3       java.lang.Class::forName (41 bytes)
Event: 1.583 Thread 0x000001714fdd1500 nmethod 1324 0x000001713a654390 code [0x000001713a654540, 0x000001713a654748]
Event: 1.583 Thread 0x000001714fdd1500 1325       3       java.lang.Class::getAnnotation (22 bytes)
Event: 1.583 Thread 0x000001714fdd1500 nmethod 1325 0x000001713a654890 code [0x000001713a654a60, 0x000001713a654ee8]
Event: 1.588 Thread 0x000001714fdd1500 1326       3       java.lang.Enum::hashCode (5 bytes)
Event: 1.588 Thread 0x000001714fdd1500 nmethod 1326 0x000001713a655090 code [0x000001713a655220, 0x000001713a655368]

GC Heap History (4 events):
Event: 1.065 GC heap before
{Heap before GC invocations=0 (full 0):
 garbage-first heap   total 129024K, used 13312K [0x0000000082000000, 0x0000000100000000)
  region size 1024K, 13 young (13312K), 0 survivors (0K)
 Metaspace       used 3757K, committed 3968K, reserved 1114112K
  class space    used 386K, committed 512K, reserved 1048576K
}
Event: 1.072 GC heap after
{Heap after GC invocations=1 (full 0):
 garbage-first heap   total 129024K, used 3535K [0x0000000082000000, 0x0000000100000000)
  region size 1024K, 2 young (2048K), 2 survivors (2048K)
 Metaspace       used 3757K, committed 3968K, reserved 1114112K
  class space    used 386K, committed 512K, reserved 1048576K
}
Event: 1.397 GC heap before
{Heap before GC invocations=1 (full 0):
 garbage-first heap   total 129024K, used 16847K [0x0000000082000000, 0x0000000100000000)
  region size 1024K, 15 young (15360K), 2 survivors (2048K)
 Metaspace       used 5472K, committed 5632K, reserved 1114112K
  class space    used 624K, committed 704K, reserved 1048576K
}
Event: 1.401 GC heap after
{Heap after GC invocations=2 (full 0):
 garbage-first heap   total 129024K, used 4229K [0x0000000082000000, 0x0000000100000000)
  region size 1024K, 1 young (1024K), 1 survivors (1024K)
 Metaspace       used 5472K, committed 5632K, reserved 1114112K
  class space    used 624K, committed 704K, reserved 1048576K
}

Deoptimization events (20 events):
Event: 1.269 Thread 0x000001713045cf60 DEOPT PACKING pc=0x0000017141961240 sp=0x00000040119fe030
Event: 1.269 Thread 0x000001713045cf60 DEOPT UNPACKING pc=0x0000017139e923a3 sp=0x00000040119fde68 mode 2
Event: 1.324 Thread 0x000001713045cf60 Uncommon trap: trap_request=0xffffff45 fr.pc=0x000001714196a78c relative=0x000000000000266c
Event: 1.324 Thread 0x000001713045cf60 Uncommon trap: reason=unstable_if action=reinterpret pc=0x000001714196a78c method=sun.nio.cs.StreamDecoder.implRead([CII)I @ 197 c2
Event: 1.324 Thread 0x000001713045cf60 DEOPT PACKING pc=0x000001714196a78c sp=0x00000040119fdec0
Event: 1.324 Thread 0x000001713045cf60 DEOPT UNPACKING pc=0x0000017139e923a3 sp=0x00000040119fdc80 mode 2
Event: 1.334 Thread 0x000001713045cf60 Uncommon trap: trap_request=0xffffff45 fr.pc=0x000001714196fa00 relative=0x0000000000001300
Event: 1.334 Thread 0x000001713045cf60 Uncommon trap: reason=unstable_if action=reinterpret pc=0x000001714196fa00 method=sun.nio.cs.StreamDecoder.read0()I @ 39 c2
Event: 1.334 Thread 0x000001713045cf60 DEOPT PACKING pc=0x000001714196fa00 sp=0x00000040119fdfb0
Event: 1.334 Thread 0x000001713045cf60 DEOPT UNPACKING pc=0x0000017139e923a3 sp=0x00000040119fdfd8 mode 2
Event: 1.376 Thread 0x000001713045cf60 Uncommon trap: trap_request=0xffffff45 fr.pc=0x0000017141966d4c relative=0x000000000000030c
Event: 1.376 Thread 0x000001713045cf60 Uncommon trap: reason=unstable_if action=reinterpret pc=0x0000017141966d4c method=java.nio.charset.CharsetDecoder.decode(Ljava/nio/ByteBuffer;Ljava/nio/CharBuffer;Z)Ljava/nio/charset/CoderResult; @ 1 c2
Event: 1.376 Thread 0x000001713045cf60 DEOPT PACKING pc=0x0000017141966d4c sp=0x00000040119fe0f0
Event: 1.376 Thread 0x000001713045cf60 DEOPT UNPACKING pc=0x0000017139e923a3 sp=0x00000040119fe0a8 mode 2
Event: 1.507 Thread 0x000001713045cf60 Uncommon trap: trap_request=0xffffff45 fr.pc=0x00000171419852e4 relative=0x00000000000004c4
Event: 1.507 Thread 0x000001713045cf60 Uncommon trap: reason=unstable_if action=reinterpret pc=0x00000171419852e4 method=java.lang.String.<init>([CIILjava/lang/Void;)V @ 5 c2
Event: 1.507 Thread 0x000001713045cf60 DEOPT PACKING pc=0x00000171419852e4 sp=0x00000040119fe1c0
Event: 1.507 Thread 0x000001713045cf60 DEOPT UNPACKING pc=0x0000017139e923a3 sp=0x00000040119fe058 mode 2
Event: 1.565 Thread 0x000001713045cf60 DEOPT PACKING pc=0x000001713a5fceb4 sp=0x00000040119fe340
Event: 1.565 Thread 0x000001713045cf60 DEOPT UNPACKING pc=0x0000017139e92b43 sp=0x00000040119fd7b0 mode 0

Classes loaded (20 events):
Event: 1.181 Loading class java/lang/reflect/TypeVariable
Event: 1.181 Loading class java/lang/reflect/TypeVariable done
Event: 1.181 Loading class java/lang/reflect/WildcardType
Event: 1.181 Loading class java/lang/reflect/WildcardType done
Event: 1.185 Loading class sun/reflect/generics/tree/TypeVariableSignature
Event: 1.185 Loading class sun/reflect/generics/tree/TypeVariableSignature done
Event: 1.198 Loading class java/lang/annotation/IncompleteAnnotationException
Event: 1.198 Loading class java/lang/annotation/IncompleteAnnotationException done
Event: 1.206 Loading class jdk/internal/misc/ScopedMemoryAccess$Scope
Event: 1.206 Loading class jdk/internal/misc/ScopedMemoryAccess$Scope done
Event: 1.263 Loading class jdk/internal/access/foreign/MemorySegmentProxy
Event: 1.264 Loading class jdk/internal/access/foreign/MemorySegmentProxy done
Event: 1.340 Loading class sun/reflect/generics/reflectiveObjects/TypeVariableImpl
Event: 1.340 Loading class sun/reflect/generics/reflectiveObjects/LazyReflectiveObjectGenerator
Event: 1.340 Loading class sun/reflect/generics/reflectiveObjects/LazyReflectiveObjectGenerator done
Event: 1.340 Loading class sun/reflect/generics/reflectiveObjects/TypeVariableImpl done
Event: 1.340 Loading class sun/reflect/generics/reflectiveObjects/ParameterizedTypeImpl
Event: 1.340 Loading class sun/reflect/generics/reflectiveObjects/ParameterizedTypeImpl done
Event: 1.341 Loading class sun/reflect/misc/ReflectUtil
Event: 1.341 Loading class sun/reflect/misc/ReflectUtil done

Classes unloaded (0 events):
No events

Classes redefined (0 events):
No events

Internal exceptions (14 events):
Event: 0.409 Thread 0x000001713045cf60 Exception <a 'java/lang/NoSuchMethodError'{0x0000000089cb98f0}: 'void java.lang.invoke.DirectMethodHandle$Holder.invokeStatic(java.lang.Object, java.lang.Object, java.lang.Object)'> (0x0000000089cb98f0) 
thrown [s\open\src\hotspot\share\interpreter\linkResolver.cpp, line 766]
Event: 0.417 Thread 0x000001713045cf60 Exception <a 'java/lang/NoSuchMethodError'{0x0000000089cd2848}: 'java.lang.Object java.lang.invoke.Invokers$Holder.invokeExact_MT(java.lang.Object, java.lang.Object, java.lang.Object, java.lang.Object, java.lang.Object)'> (0x0000000089cd2848) 
thrown [s\open\src\hotspot\share\interpreter\linkResolver.cpp, line 766]
Event: 0.447 Thread 0x000001715420c910 Exception <a 'java/lang/NoSuchMethodError'{0x0000000089b072b8}: 'void java.lang.invoke.DirectMethodHandle$Holder.invokeStatic(java.lang.Object, java.lang.Object)'> (0x0000000089b072b8) 
thrown [s\open\src\hotspot\share\interpreter\linkResolver.cpp, line 766]
Event: 0.604 Thread 0x000001713045cf60 Exception <a 'java/lang/NullPointerException'{0x00000000899b9710}> (0x00000000899b9710) 
thrown [s\open\src\hotspot\share\interpreter\linkResolver.cpp, line 1357]
Event: 0.660 Thread 0x000001713045cf60 Exception <a 'java/lang/NullPointerException'{0x000000008980d278}> (0x000000008980d278) 
thrown [s\open\src\hotspot\share\interpreter\linkResolver.cpp, line 1357]
Event: 0.660 Thread 0x000001713045cf60 Exception <a 'java/lang/NullPointerException'{0x000000008980d550}> (0x000000008980d550) 
thrown [s\open\src\hotspot\share\interpreter\linkResolver.cpp, line 1357]
Event: 0.660 Thread 0x000001713045cf60 Exception <a 'java/lang/NullPointerException'{0x000000008980d828}> (0x000000008980d828) 
thrown [s\open\src\hotspot\share\interpreter\linkResolver.cpp, line 1357]
Event: 0.661 Thread 0x000001713045cf60 Exception <a 'java/lang/NullPointerException'{0x0000000089812f10}> (0x0000000089812f10) 
thrown [s\open\src\hotspot\share\interpreter\linkResolver.cpp, line 1357]
Event: 0.664 Thread 0x000001713045cf60 Exception <a 'java/lang/NullPointerException'{0x0000000089828608}> (0x0000000089828608) 
thrown [s\open\src\hotspot\share\interpreter\linkResolver.cpp, line 1357]
Event: 0.664 Thread 0x000001713045cf60 Exception <a 'java/lang/NullPointerException'{0x00000000898288e0}> (0x00000000898288e0) 
thrown [s\open\src\hotspot\share\interpreter\linkResolver.cpp, line 1357]
Event: 0.664 Thread 0x000001713045cf60 Exception <a 'java/lang/NullPointerException'{0x0000000089828bb8}> (0x0000000089828bb8) 
thrown [s\open\src\hotspot\share\interpreter\linkResolver.cpp, line 1357]
Event: 0.664 Thread 0x000001713045cf60 Exception <a 'java/lang/NullPointerException'{0x0000000089828e90}> (0x0000000089828e90) 
thrown [s\open\src\hotspot\share\interpreter\linkResolver.cpp, line 1357]
Event: 1.148 Thread 0x000001713045cf60 Exception <a 'java/lang/NoSuchMethodError'{0x0000000089b33568}: 'java.lang.Object java.lang.invoke.DirectMethodHandle$Holder.newInvokeSpecial(java.lang.Object, java.lang.Object, java.lang.Object, java.lang.Object, java.lang.Object)'> (0x0000000089b33568) 
thrown [s\open\src\hotspot\share\interpreter\linkResolver.cpp, line 766]
Event: 1.198 Thread 0x000001713045cf60 Exception <a 'java/lang/NoClassDefFoundError'{0x0000000089a94ec0}: javax/enterprise/inject/Typed> (0x0000000089a94ec0) 
thrown [s\open\src\hotspot\share\classfile\systemDictionary.cpp, line 244]

VM Operations (12 events):
Event: 0.314 Executing VM operation: HandshakeAllThreads
Event: 0.314 Executing VM operation: HandshakeAllThreads done
Event: 0.434 Executing VM operation: HandshakeAllThreads
Event: 0.435 Executing VM operation: HandshakeAllThreads done
Event: 0.602 Executing VM operation: HandshakeAllThreads
Event: 0.602 Executing VM operation: HandshakeAllThreads done
Event: 0.614 Executing VM operation: HandshakeAllThreads
Event: 0.614 Executing VM operation: HandshakeAllThreads done
Event: 1.065 Executing VM operation: G1CollectForAllocation
Event: 1.072 Executing VM operation: G1CollectForAllocation done
Event: 1.397 Executing VM operation: G1CollectForAllocation
Event: 1.401 Executing VM operation: G1CollectForAllocation done

Events (20 events):
Event: 0.235 Thread 0x000001714fdc1e60 Thread added: 0x000001714fdc1e60
Event: 0.235 Thread 0x000001714fdc4720 Thread added: 0x000001714fdc4720
Event: 0.235 Thread 0x000001714fdc5770 Thread added: 0x000001714fdc5770
Event: 0.236 Thread 0x000001714fdcdcd0 Thread added: 0x000001714fdcdcd0
Event: 0.236 Thread 0x000001714fdd0060 Thread added: 0x000001714fdd0060
Event: 0.236 Thread 0x000001714fdd1500 Thread added: 0x000001714fdd1500
Event: 0.236 Thread 0x000001714fde69c0 Thread added: 0x000001714fde69c0
Event: 0.302 Thread 0x000001714fd87140 Thread added: 0x000001714fd87140
Event: 0.342 Loaded shared library C:\Program Files\Java\jdk-18.0.1.1\bin\zip.dll
Event: 0.350 Loaded shared library C:\Program Files\Java\jdk-18.0.1.1\bin\instrument.dll
Event: 0.373 Loaded shared library C:\Program Files\Java\jdk-18.0.1.1\bin\net.dll
Event: 0.385 Loaded shared library C:\Program Files\Java\jdk-18.0.1.1\bin\nio.dll
Event: 0.396 Loaded shared library C:\Program Files\Java\jdk-18.0.1.1\bin\zip.dll
Event: 0.429 Loaded shared library C:\Program Files\JetBrains\IntelliJ IDEA Community Edition 2022.2\bin\breakgen64.dll
Event: 0.430 Thread 0x000001715420c910 Thread added: 0x000001715420c910
Event: 0.430 Thread 0x0000017154126f30 Thread added: 0x0000017154126f30
Event: 0.609 Loaded shared library C:\Program Files\Java\jdk-18.0.1.1\bin\jimage.dll
Event: 0.658 Loaded shared library C:\Users\lucy2\AppData\Local\Temp\jansi-2.4.0-a8e409c886135599-jansi.dll
Event: 0.676 Loaded shared library C:\Program Files\Java\jdk-18.0.1.1\bin\verify.dll
Event: 1.240 Thread 0x0000017154b2be80 Thread added: 0x0000017154b2be80


Dynamic libraries:
0x00007ff79a5f0000 - 0x00007ff79a600000 	C:\Program Files\Java\jdk-18.0.1.1\bin\java.exe
0x00007ff9e96b0000 - 0x00007ff9e98a8000 	C:\WINDOWS\SYSTEM32\ntdll.dll
0x00007ff9e79d0000 - 0x00007ff9e7a8d000 	C:\WINDOWS\System32\KERNEL32.DLL
0x00007ff9e6dd0000 - 0x00007ff9e709e000 	C:\WINDOWS\System32\KERNELBASE.dll
0x0000000063cb0000 - 0x0000000063d62000 	C:\ProgramData\Symantec\Symantec Endpoint Protection\14.3.7388.4000.105\Data\Sysfer\x64\sysfer.dll
0x00007ff9e7140000 - 0x00007ff9e7240000 	C:\WINDOWS\System32\ucrtbase.dll
0x00007ff9cb560000 - 0x00007ff9cb57a000 	C:\Program Files\Java\jdk-18.0.1.1\bin\VCRUNTIME140.dll
0x00007ff9df3f0000 - 0x00007ff9df408000 	C:\Program Files\Java\jdk-18.0.1.1\bin\jli.dll
0x00007ff9e7a90000 - 0x00007ff9e7b3e000 	C:\WINDOWS\System32\ADVAPI32.dll
0x00007ff9e7720000 - 0x00007ff9e77be000 	C:\WINDOWS\System32\msvcrt.dll
0x00007ff9e8d70000 - 0x00007ff9e8e0c000 	C:\WINDOWS\System32\sechost.dll
0x00007ff9e7f60000 - 0x00007ff9e8085000 	C:\WINDOWS\System32\RPCRT4.dll
0x00007ff9e93a0000 - 0x00007ff9e9540000 	C:\WINDOWS\System32\USER32.dll
0x00007ff9e70a0000 - 0x00007ff9e70c2000 	C:\WINDOWS\System32\win32u.dll
0x00007ff9e9370000 - 0x00007ff9e939a000 	C:\WINDOWS\System32\GDI32.dll
0x00007ff9e7600000 - 0x00007ff9e770b000 	C:\WINDOWS\System32\gdi32full.dll
0x00007ff9d5c50000 - 0x00007ff9d5eea000 	C:\WINDOWS\WinSxS\amd64_microsoft.windows.common-controls_6595b64144ccf1df_6.0.19041.1110_none_60b5254171f9507e\COMCTL32.dll
0x00007ff9e7420000 - 0x00007ff9e74bd000 	C:\WINDOWS\System32\msvcp_win.dll
0x00007ff9d4690000 - 0x00007ff9d469a000 	C:\WINDOWS\SYSTEM32\VERSION.dll
0x00007ff9e7b40000 - 0x00007ff9e7b48000 	C:\WINDOWS\System32\psapi.dll
0x00007ff9e8e10000 - 0x00007ff9e8e40000 	C:\WINDOWS\System32\IMM32.DLL
0x00007ff9df3e0000 - 0x00007ff9df3ec000 	C:\Program Files\Java\jdk-18.0.1.1\bin\vcruntime140_1.dll
0x00007ff9b2570000 - 0x00007ff9b25fd000 	C:\Program Files\Java\jdk-18.0.1.1\bin\msvcp140.dll
0x00007ff9a0160000 - 0x00007ff9a0d70000 	C:\Program Files\Java\jdk-18.0.1.1\bin\server\jvm.dll
0x00007ff9cbfa0000 - 0x00007ff9cbfa9000 	C:\WINDOWS\SYSTEM32\WSOCK32.dll
0x00007ff9e7b70000 - 0x00007ff9e7bdb000 	C:\WINDOWS\System32\WS2_32.dll
0x00007ff9b2c10000 - 0x00007ff9b2c37000 	C:\WINDOWS\SYSTEM32\WINMM.dll
0x00007ff9e5660000 - 0x00007ff9e5672000 	C:\WINDOWS\SYSTEM32\kernel.appcore.dll
0x00007ff9dc3e0000 - 0x00007ff9dc3ea000 	C:\Program Files\Java\jdk-18.0.1.1\bin\jimage.dll
0x00007ff9e4a30000 - 0x00007ff9e4c14000 	C:\WINDOWS\SYSTEM32\DBGHELP.DLL
0x00007ff9c3f10000 - 0x00007ff9c3f3c000 	C:\WINDOWS\SYSTEM32\dbgcore.DLL
0x00007ff9e74c0000 - 0x00007ff9e7542000 	C:\WINDOWS\System32\bcryptPrimitives.dll
0x00007ff9e06d0000 - 0x00007ff9e06de000 	C:\Program Files\Java\jdk-18.0.1.1\bin\instrument.dll
0x00007ff9c7340000 - 0x00007ff9c7365000 	C:\Program Files\Java\jdk-18.0.1.1\bin\java.dll
0x00007ff9abe60000 - 0x00007ff9abf36000 	C:\Program Files\Java\jdk-18.0.1.1\bin\jsvml.dll
0x00007ff9e8090000 - 0x00007ff9e87d4000 	C:\WINDOWS\System32\SHELL32.dll
0x00007ff9e4eb0000 - 0x00007ff9e5644000 	C:\WINDOWS\SYSTEM32\windows.storage.dll
0x00007ff9e8930000 - 0x00007ff9e8c84000 	C:\WINDOWS\System32\combase.dll
0x00007ff9e6760000 - 0x00007ff9e6790000 	C:\WINDOWS\SYSTEM32\Wldp.dll
0x00007ff9e7c40000 - 0x00007ff9e7ced000 	C:\WINDOWS\System32\SHCORE.dll
0x00007ff9e92b0000 - 0x00007ff9e9305000 	C:\WINDOWS\System32\shlwapi.dll
0x00007ff9e6d10000 - 0x00007ff9e6d2f000 	C:\WINDOWS\SYSTEM32\profapi.dll
0x00007ff9c6fb0000 - 0x00007ff9c6fc8000 	C:\Program Files\Java\jdk-18.0.1.1\bin\zip.dll
0x00007ff9cb4e0000 - 0x00007ff9cb4f3000 	C:\Program Files\Java\jdk-18.0.1.1\bin\net.dll
0x00007ff9d6940000 - 0x00007ff9d6a4a000 	C:\WINDOWS\SYSTEM32\WINHTTP.dll
0x00007ff9e64c0000 - 0x00007ff9e652a000 	C:\WINDOWS\system32\mswsock.dll
0x00007ff9c7210000 - 0x00007ff9c7226000 	C:\Program Files\Java\jdk-18.0.1.1\bin\nio.dll
0x00007ff9c62d0000 - 0x00007ff9c62ea000 	C:\Program Files\JetBrains\IntelliJ IDEA Community Edition 2022.2\bin\breakgen64.dll
0x0000000069ac0000 - 0x0000000069ae4000 	C:\Users\lucy2\AppData\Local\Temp\jansi-2.4.0-a8e409c886135599-jansi.dll
0x00007ff9d7320000 - 0x00007ff9d7330000 	C:\Program Files\Java\jdk-18.0.1.1\bin\verify.dll

dbghelp: loaded successfully - version: 4.0.5 - missing functions: none
symbol engine: initialized successfully - sym options: 0x614 - pdb path: .;C:\Program Files\Java\jdk-18.0.1.1\bin;C:\WINDOWS\SYSTEM32;C:\ProgramData\Symantec\Symantec Endpoint Protection\14.3.7388.4000.105\Data\Sysfer\x64;C:\WINDOWS\WinSxS\amd64_microsoft.windows.common-controls_6595b64144ccf1df_6.0.19041.1110_none_60b5254171f9507e;C:\Program Files\Java\jdk-18.0.1.1\bin\server;C:\Program Files\JetBrains\IntelliJ IDEA Community Edition 2022.2\bin;C:\Users\lucy2\AppData\Local\Temp

VM Arguments:
jvm_args: -Dmaven.multiModuleProjectDirectory=C:\Users\lucy2\Desktop\Spring-Practice\spring-restcontroller -Dmaven.home=C:\Users\lucy2\.m2\wrapper\dists\apache-maven-3.8.6-bin\1ks0nkde5v1pk9vtc31i9d0lcd\apache-maven-3.8.6 -Dclassworlds.conf=C:\Users\lucy2\.m2\wrapper\dists\apache-maven-3.8.6-bin\1ks0nkde5v1pk9vtc31i9d0lcd\apache-maven-3.8.6\bin\m2.conf -Dmaven.ext.class.path=C:\Program Files\JetBrains\IntelliJ IDEA Community Edition 2022.2\plugins\maven\lib\maven-event-listener.jar -javaagent:C:\Program Files\JetBrains\IntelliJ IDEA Community Edition 2022.2\lib\idea_rt.jar=62483:C:\Program Files\JetBrains\IntelliJ IDEA Community Edition 2022.2\bin -Dfile.encoding=UTF-8 
java_command: org.codehaus.classworlds.Launcher -Didea.version=2022.2 clean
java_class_path (initial): C:\Users\lucy2\.m2\wrapper\dists\apache-maven-3.8.6-bin\1ks0nkde5v1pk9vtc31i9d0lcd\apache-maven-3.8.6\boot\plexus-classworlds-2.6.0.jar;C:\Users\lucy2\.m2\wrapper\dists\apache-maven-3.8.6-bin\1ks0nkde5v1pk9vtc31i9d0lcd\apache-maven-3.8.6\boot\plexus-classworlds.license
Launcher Type: SUN_STANDARD

[Global flags]
     intx CICompilerCount                          = 3                                         {product} {ergonomic}
     uint ConcGCThreads                            = 1                                         {product} {ergonomic}
     uint G1ConcRefinementThreads                  = 4                                         {product} {ergonomic}
   size_t G1HeapRegionSize                         = 1048576                                   {product} {ergonomic}
    uintx GCDrainStackTargetSize                   = 64                                        {product} {ergonomic}
   size_t InitialHeapSize                          = 132120576                                 {product} {ergonomic}
   size_t MarkStackSize                            = 4194304                                   {product} {ergonomic}
   size_t MaxHeapSize                              = 2113929216                                {product} {ergonomic}
   size_t MaxNewSize                               = 1267728384                                {product} {ergonomic}
   size_t MinHeapDeltaBytes                        = 1048576                                   {product} {ergonomic}
   size_t MinHeapSize                              = 8388608                                   {product} {ergonomic}
    uintx NonNMethodCodeHeapSize                   = 5832780                                {pd product} {ergonomic}
    uintx NonProfiledCodeHeapSize                  = 122912730                              {pd product} {ergonomic}
    uintx ProfiledCodeHeapSize                     = 122912730                              {pd product} {ergonomic}
    uintx ReservedCodeCacheSize                    = 251658240                              {pd product} {ergonomic}
     bool SegmentedCodeCache                       = true                                      {product} {ergonomic}
   size_t SoftMaxHeapSize                          = 2113929216                             {manageable} {ergonomic}
     bool UseCompressedClassPointers               = true                           {product lp64_product} {ergonomic}
     bool UseCompressedOops                        = true                           {product lp64_product} {ergonomic}
     bool UseG1GC                                  = true                                      {product} {ergonomic}
     bool UseLargePagesIndividualAllocation        = false                                  {pd product} {ergonomic}

Logging:
Log output configuration:
 #0: stdout all=warning uptime,level,tags foldmultilines=false
 #1: stderr all=off uptime,level,tags foldmultilines=false

Environment Variables:
JAVA_HOME=C:\Program Files\Java\jdk-11.0.16
PATH=C:\Program Files\Java\jdk-11.0.16\bin;C:\Program Files\Common Files\Oracle\Java\javapath;C:\Program Files\AdoptOpenJDK\jdk-11.0.7.10-hotspot\bin;C:\WINDOWS\system32;C:\WINDOWS;C:\WINDOWS\System32\Wbem;C:\WINDOWS\System32\WindowsPowerShell\v1.0\;C:\WINDOWS\System32\OpenSSH\;C:\Program Files (x86)\IncrediBuild;C:\Program Files\Git\cmd;C:\Program Files\PuTTY\;C:\Users\lucy2\Downloads\opencv\build;C:\Users\lucy2\Downloads\opencv\build\bin;C:\Users\lucy2\Downloads\opencv\build\include;C:\Users\lucy2\Downloads\opencv\build\include\opencv2;C:\Users\lucy2\Downloads\opencv\build\x64\vc14\lib;C:\Users\lucy2\Downloads\opencv\build\x64\vc14\bin;C:\Program Files\Microsoft SQL Server\150\Tools\Binn\;C:\Program Files\Microsoft SQL Server\Client SDK\ODBC\170\Tools\Binn\;C:\Program Files\dotnet\;C:\Program Files\Azure Data Studio\bin;C:\Program Files (x86)\Microsoft SQL Server\150\DTS\Binn\;C:\Program Files\nodejs\;C:\Users\lucy2\anaconda3;C:\Users\lucy2\anaconda3\Library\mingw-w64\bin;C:\Users\lucy2\anaconda3\Library\usr\bin;C:\Users\lucy2\anaconda3\Library\bin;C:\Users\lucy2\anaconda3\Scripts;C:\Users\lucy2\AppData\Local\Microsoft\WindowsApps;C:\Users\lucy2\AppData\Local\gitkraken\bin;C:\Users\lucy2\.dotnet\tools;C:\Program Files\Azure Data Studio\bin;C:\Users\lucy2\AppData\Local\Programs\Microsoft VS Code\bin;C:\Users\lucy2\AppData\Roaming\npm;C:\Users\lucy2\AppData\Local\GitHubDesktop\bin
USERNAME=lucy2
OS=Windows_NT
PROCESSOR_IDENTIFIER=Intel64 Family 6 Model 142 Stepping 9, GenuineIntel



---------------  S Y S T E M  ---------------

OS:
 Windows 10 , 64 bit Build 19041 (10.0.19041.1889)
OS uptime: 0 days 16:16 hours

CPU: total 4 (initial active 4) (2 cores per cpu, 2 threads per core) family 6 model 142 stepping 9 microcode 0xb4, cx8, cmov, fxsr, ht, mmx, 3dnowpref, sse, sse2, sse3, ssse3, sse4.1, sse4.2, popcnt, lzcnt, tsc, tscinvbit, avx, avx2, aes, erms, clmul, bmi1, bmi2, adx, fma, vzeroupper, clflush, clflushopt

Memory: 4k page, system-wide physical 8060M (966M free)
TotalPageFile size 32636M (AvailPageFile size 0M)
current process WorkingSet (physical memory assigned to process): 78M, peak: 78M
current process commit charge ("private bytes"): 221M, peak: 221M

vm_info: Java HotSpot(TM) 64-Bit Server VM (18.0.1.1+2-6) for windows-amd64 JRE (18.0.1.1+2-6), built on Apr 25 2022 21:53:15 by "mach5one" with MS VC++ 16.8 / 16.9 (VS2019)

END.
